Using pre-set license
Built from '2021.3/china_unity/release' branch; Version is '2021.3.5f1c1 (23e20ff61267) revision 2351631'; Using compiler version '192829333'; Build Type 'Release'
OS: 'Windows 11  (10.0.22000) 64bit CoreCountrySpecific' Language: 'zh' Physical Memory: 16259 MB
BatchMode: 1, IsHumanControllingUs: 0, StartBugReporterOnCrash: 0, Is64bit: 1, IsPro: 1

COMMAND LINE ARGUMENTS:
G:\Unity\2021.3.5f1c1\Editor\Unity.exe
-adb2
-batchMode
-noUpm
-name
AssetImportWorker1
-projectPath
H:/Github/Projects/Bulimia_new_ios
-logFile
Logs/AssetImportWorker1.log
-srvPort
55805
Successfully changed project path to: H:/Github/Projects/Bulimia_new_ios
H:/Github/Projects/Bulimia_new_ios
[UnityMemory] Configuration Parameters - Can be set up in boot.config
    "memorysetup-bucket-allocator-granularity=16"
    "memorysetup-bucket-allocator-bucket-count=8"
    "memorysetup-bucket-allocator-block-size=33554432"
    "memorysetup-bucket-allocator-block-count=8"
    "memorysetup-main-allocator-block-size=16777216"
    "memorysetup-thread-allocator-block-size=16777216"
    "memorysetup-gfx-main-allocator-block-size=16777216"
    "memorysetup-gfx-thread-allocator-block-size=16777216"
    "memorysetup-cache-allocator-block-size=4194304"
    "memorysetup-typetree-allocator-block-size=2097152"
    "memorysetup-profiler-bucket-allocator-granularity=16"
    "memorysetup-profiler-bucket-allocator-bucket-count=8"
    "memorysetup-profiler-bucket-allocator-block-size=33554432"
    "memorysetup-profiler-bucket-allocator-block-count=8"
    "memorysetup-profiler-allocator-block-size=16777216"
    "memorysetup-profiler-editor-allocator-block-size=1048576"
    "memorysetup-temp-allocator-size-main=16777216"
    "memorysetup-job-temp-allocator-block-size=2097152"
    "memorysetup-job-temp-allocator-block-size-background=1048576"
    "memorysetup-job-temp-allocator-reduction-small-platforms=262144"
    "memorysetup-temp-allocator-size-background-worker=32768"
    "memorysetup-temp-allocator-size-job-worker=262144"
    "memorysetup-temp-allocator-size-preload-manager=33554432"
    "memorysetup-temp-allocator-size-nav-mesh-worker=65536"
    "memorysetup-temp-allocator-size-audio-worker=65536"
    "memorysetup-temp-allocator-size-cloud-worker=32768"
    "memorysetup-temp-allocator-size-gi-baking-worker=262144"
    "memorysetup-temp-allocator-size-gfx=262144"
AS: AutoStreaming module initializing.
Refreshing native plugins compatible for Editor in 63.21 ms, found 3 plugins.
Preloading 0 native plugins for Editor in 0.00 ms.
Initialize engine version: 2021.3.5f1c1 (23e20ff61267)
[Subsystems] Discovering subsystems at path G:/Unity/2021.3.5f1c1/Editor/Data/Resources/UnitySubsystems
[Subsystems] Discovering subsystems at path H:/Github/Projects/Bulimia_new_ios/Assets
GfxDevice: creating device client; threaded=0; jobified=0
Direct3D:
    Version:  Direct3D 11.0 [level 11.1]
    Renderer: NVIDIA GeForce RTX 2070 with Max-Q Design (ID=0x1f50)
    Vendor:   NVIDIA
    VRAM:     8031 MB
    Driver:   30.0.15.1278
Initialize mono
Mono path[0] = 'G:/Unity/2021.3.5f1c1/Editor/Data/Managed'
Mono path[1] = 'G:/Unity/2021.3.5f1c1/Editor/Data/MonoBleedingEdge/lib/mono/unityjit-win32'
Mono config path = 'G:/Unity/2021.3.5f1c1/Editor/Data/MonoBleedingEdge/etc'
Using monoOptions --debugger-agent=transport=dt_socket,embedding=1,server=y,suspend=n,address=127.0.0.1:56796
Begin MonoManager ReloadAssembly
Registering precompiled unity dll's ...
Register platform support module: G:/Unity/2021.3.5f1c1/Editor/Data/PlaybackEngines/WebGLSupport/UnityEditor.WebGL.Extensions.dll
Register platform support module: G:/Unity/2021.3.5f1c1/Editor/Data/PlaybackEngines/AndroidPlayer/UnityEditor.Android.Extensions.dll
Register platform support module: G:/Unity/2021.3.5f1c1/Editor/Data/PlaybackEngines/iOSSupport/UnityEditor.iOS.Extensions.dll
Register platform support module: G:/Unity/2021.3.5f1c1/Editor/Data/PlaybackEngines/WindowsStandaloneSupport/UnityEditor.WindowsStandalone.Extensions.dll
Registered in 0.007053 seconds.
Native extension for WindowsStandalone target not found
[usbmuxd] Start listen thread
[usbmuxd] Listen thread started
[usbmuxd] Send listen message
Native extension for iOS target not found
Native extension for Android target not found
Native extension for WebGL target not found
Refreshing native plugins compatible for Editor in 56.81 ms, found 3 plugins.
Preloading 0 native plugins for Editor in 0.00 ms.
Mono: successfully reloaded assembly
- Completed reload, in  0.741 seconds
Domain Reload Profiling:
	ReloadAssembly (741ms)
		BeginReloadAssembly (105ms)
			ExecutionOrderSort (0ms)
			DisableScriptedObjects (0ms)
			BackupInstance (0ms)
			ReleaseScriptingObjects (0ms)
			CreateAndSetChildDomain (1ms)
		EndReloadAssembly (510ms)
			LoadAssemblies (99ms)
			RebuildTransferFunctionScriptingTraits (0ms)
			SetupTypeCache (121ms)
			ReleaseScriptCaches (0ms)
			RebuildScriptCaches (33ms)
			SetupLoadedEditorAssemblies (293ms)
				LogAssemblyErrors (0ms)
				InitializePlatformSupportModulesInManaged (74ms)
				SetLoadedEditorAssemblies (2ms)
				RefreshPlugins (57ms)
				BeforeProcessingInitializeOnLoad (1ms)
				ProcessInitializeOnLoadAttributes (109ms)
				ProcessInitializeOnLoadMethodAttributes (50ms)
				AfterProcessingInitializeOnLoad (0ms)
				EditorAssembliesLoaded (0ms)
			ExecutionOrderSort2 (0ms)
			AwakeInstancesAfterBackupRestoration (0ms)
Platform modules already initialized, skipping
Registering precompiled user dll's ...
Registered in 0.007963 seconds.
Begin MonoManager ReloadAssembly
Native extension for WindowsStandalone target not found
Native extension for iOS target not found
Native extension for Android target not found
Native extension for WebGL target not found
Refreshing native plugins compatible for Editor in 54.09 ms, found 3 plugins.
Preloading 0 native plugins for Editor in 0.00 ms.
Mono: successfully reloaded assembly
- Completed reload, in  1.374 seconds
Domain Reload Profiling:
	ReloadAssembly (1375ms)
		BeginReloadAssembly (248ms)
			ExecutionOrderSort (0ms)
			DisableScriptedObjects (8ms)
			BackupInstance (0ms)
			ReleaseScriptingObjects (0ms)
			CreateAndSetChildDomain (131ms)
		EndReloadAssembly (986ms)
			LoadAssemblies (110ms)
			RebuildTransferFunctionScriptingTraits (0ms)
			SetupTypeCache (257ms)
			ReleaseScriptCaches (1ms)
			RebuildScriptCaches (63ms)
			SetupLoadedEditorAssemblies (508ms)
				LogAssemblyErrors (0ms)
				InitializePlatformSupportModulesInManaged (23ms)
				SetLoadedEditorAssemblies (0ms)
				RefreshPlugins (54ms)
				BeforeProcessingInitializeOnLoad (106ms)
				ProcessInitializeOnLoadAttributes (266ms)
				ProcessInitializeOnLoadMethodAttributes (44ms)
				AfterProcessingInitializeOnLoad (14ms)
				EditorAssembliesLoaded (0ms)
			ExecutionOrderSort2 (0ms)
			AwakeInstancesAfterBackupRestoration (6ms)
Platform modules already initialized, skipping
========================================================================
Worker process is ready to serve import requests
Launched and connected shader compiler UnityShaderCompiler.exe after 0.04 seconds
Refreshing native plugins compatible for Editor in 0.63 ms, found 3 plugins.
Preloading 0 native plugins for Editor in 0.00 ms.
Unloading 2815 Unused Serialized files (Serialized files now loaded: 0)
Unloading 47 unused Assets / (130.1 KB). Loaded Objects now: 3278.
Memory consumption went from 123.3 MB to 123.1 MB.
Total: 3.452800 ms (FindLiveObjects: 0.237000 ms CreateObjectMapping: 0.169500 ms MarkObjects: 2.969100 ms  DeleteObjects: 0.076300 ms)

AssetImportParameters requested are different than current active one (requested -> active):
  custom:video-decoder-ogg-theora: a1e56fd34408186e4bbccfd4996cb3dc -> 
  custom:container-muxer-webm: aa71ff27fc2769a1b78a27578f13a17b -> 
  custom:container-demuxer-webm: 4f35f7cbe854078d1ac9338744f61a02 -> 
  custom:video-encoder-webm-vp8: eb34c28f22e8b96e1ab97ce403110664 -> 
  custom:video-codec-MediaFoundation-h265: 746d11721c4dcdbdad8f713fa42b33f4 -> 
  custom:audio-encoder-webm-vorbis: bf7c407c2cedff20999df2af8eb42d56 -> 
  custom:framework-win-MediaFoundation: 216162199b28c13a410421893ffa2e32 -> 
  custom:container-demuxer-ogg: 62fdf1f143b41e24485cea50d1cbac27 -> 
  custom:video-decoder-webm-vp8: 9c59270c3fd7afecdb556c50c9e8de78 -> 
  custom:audio-decoder-ogg-vorbis: bf7c407c2cedff20999df2af8eb42d56 -> 
========================================================================
Received Import Request.
  Time since last request: 589.088658 seconds.
  path: Assets/Scenes/Chapter 1/MainMenu.unity
  artifactKey: Guid(561e9a2d8820085498514afd59e3556f) Importer(815301076,1909f56bfc062723c751e8b465ee728b)
Start importing Assets/Scenes/Chapter 1/MainMenu.unity using Guid(561e9a2d8820085498514afd59e3556f) Importer(815301076,1909f56bfc062723c751e8b465ee728b)  -> (artifact id: 'f97db0ec3bb5b007fbb0ec4a4b98de73') in 0.056252 seconds 
========================================================================
Received Import Request.
  Time since last request: 307.500351 seconds.
  path: Assets/Assets/Prototype 2/C3 数字绑架/4新学期小饭量/3 小饭量拼图/63 小饭量拼图碎片1.png
  artifactKey: Guid(075dd3efa0cd48a409293e8f3e103935) Importer(815301076,1909f56bfc062723c751e8b465ee728b)
Start importing Assets/Assets/Prototype 2/C3 数字绑架/4新学期小饭量/3 小饭量拼图/63 小饭量拼图碎片1.png using Guid(075dd3efa0cd48a409293e8f3e103935) Importer(815301076,1909f56bfc062723c751e8b465ee728b)  -> (artifact id: 'd720c19825a8a404ec61b18e2d4da587') in 0.677033 seconds 
========================================================================
Received Import Request.
  Time since last request: 0.000027 seconds.
  path: Assets/Assets/Prototype 2/C3 数字绑架/4新学期小饭量/63-2 拼图完成.png
  artifactKey: Guid(1b94d2cf192945a4cbe1312eb0292daf) Importer(815301076,1909f56bfc062723c751e8b465ee728b)
Start importing Assets/Assets/Prototype 2/C3 数字绑架/4新学期小饭量/63-2 拼图完成.png using Guid(1b94d2cf192945a4cbe1312eb0292daf) Importer(815301076,1909f56bfc062723c751e8b465ee728b)  -> (artifact id: '26a1db153021a9753e77679ceecc23e7') in 0.093900 seconds 
========================================================================
Received Import Request.
  Time since last request: 0.000028 seconds.
  path: Assets/Scripts/Shader/Textures/7542e25fa8b80c86d6d79244d26239a.jpg
  artifactKey: Guid(c3a583263daeea340b8ac638ed22a9e9) Importer(815301076,1909f56bfc062723c751e8b465ee728b)
Start importing Assets/Scripts/Shader/Textures/7542e25fa8b80c86d6d79244d26239a.jpg using Guid(c3a583263daeea340b8ac638ed22a9e9) Importer(815301076,1909f56bfc062723c751e8b465ee728b)  -> (artifact id: 'e6c020beb5ab50174519d1a5fb61a8d2') in 0.081512 seconds 
========================================================================
Received Import Request.
  Time since last request: 0.000017 seconds.
  path: Assets/Assets/Prototype 2/C3 数字绑架/6饿得睡不着/66 饿得睡不着2 fullview.PNG
  artifactKey: Guid(a6c1861bbdba4194a8fd500ed786432d) Importer(815301076,1909f56bfc062723c751e8b465ee728b)
Start importing Assets/Assets/Prototype 2/C3 数字绑架/6饿得睡不着/66 饿得睡不着2 fullview.PNG using Guid(a6c1861bbdba4194a8fd500ed786432d) Importer(815301076,1909f56bfc062723c751e8b465ee728b)  -> (artifact id: '9d6041d6d1af1ee7e0c9e0d5a0c4c9f4') in 0.102193 seconds 
========================================================================
Received Import Request.
  Time since last request: 0.000020 seconds.
  path: Assets/Assets/beta 1.0 UI _ page/关于_最后一页/about_page.png
  artifactKey: Guid(0712f8be0264ba64d87cb5f163e61861) Importer(815301076,1909f56bfc062723c751e8b465ee728b)
Start importing Assets/Assets/beta 1.0 UI _ page/关于_最后一页/about_page.png using Guid(0712f8be0264ba64d87cb5f163e61861) Importer(815301076,1909f56bfc062723c751e8b465ee728b)  -> (artifact id: 'f3afc517eb1ee18a9abe0ce8a4e0b42e') in 0.167442 seconds 
========================================================================
Received Import Request.
  Time since last request: 0.000019 seconds.
  path: Assets/Assets/Prototype 2/C3 数字绑架/6饿得睡不着/66头顶大cloud.PNG
  artifactKey: Guid(9dcd8ff7a4ba4fe48b228741b1aba3a8) Importer(815301076,1909f56bfc062723c751e8b465ee728b)
Start importing Assets/Assets/Prototype 2/C3 数字绑架/6饿得睡不着/66头顶大cloud.PNG using Guid(9dcd8ff7a4ba4fe48b228741b1aba3a8) Importer(815301076,1909f56bfc062723c751e8b465ee728b)  -> (artifact id: '261ab014aa5394bda8b9b43fecbfb560') in 0.173515 seconds 
========================================================================
Received Import Request.
  Time since last request: 0.000041 seconds.
  path: Assets/Assets/Prototype 2/C3 数字绑架/4新学期小饭量/1 日历翻页/active日历翻页动画2.PNG
  artifactKey: Guid(8832c9bc109b36f4386f20510c959f66) Importer(815301076,1909f56bfc062723c751e8b465ee728b)
Start importing Assets/Assets/Prototype 2/C3 数字绑架/4新学期小饭量/1 日历翻页/active日历翻页动画2.PNG using Guid(8832c9bc109b36f4386f20510c959f66) Importer(815301076,1909f56bfc062723c751e8b465ee728b)  -> (artifact id: '9ba6865e35c4b8aa44f434f722e97370') in 0.072145 seconds 
========================================================================
Received Import Request.
  Time since last request: 0.000019 seconds.
  path: Assets/Assets/封面/封面 1/cover3 效果.png
  artifactKey: Guid(4cb74902dfc71fb4fb650b9a54fcb9ad) Importer(815301076,1909f56bfc062723c751e8b465ee728b)
Start importing Assets/Assets/封面/封面 1/cover3 效果.png using Guid(4cb74902dfc71fb4fb650b9a54fcb9ad) Importer(815301076,1909f56bfc062723c751e8b465ee728b)  -> (artifact id: '899ad79ff420644bca8b5fd577efa254') in 0.098514 seconds 
========================================================================
Received Import Request.
  Time since last request: 0.000027 seconds.
  path: Assets/Scripts/ScratchCard/Demo/Textures/Brush_2.png
  artifactKey: Guid(4e6e55a2e5a854cac9c5f5fce2eeda8d) Importer(815301076,1909f56bfc062723c751e8b465ee728b)
Start importing Assets/Scripts/ScratchCard/Demo/Textures/Brush_2.png using Guid(4e6e55a2e5a854cac9c5f5fce2eeda8d) Importer(815301076,1909f56bfc062723c751e8b465ee728b)  -> (artifact id: '29a90c255ff2c48e254868bebcd9bf95') in 0.034729 seconds 
========================================================================
Received Import Request.
  Time since last request: 0.000023 seconds.
  path: Assets/Assets/Prototype 2/C3 数字绑架/4新学期小饭量/3 小饭量拼图/63 小饭量拼图碎片2.png
  artifactKey: Guid(9807afaa212db74459f41f351f9b0a3f) Importer(815301076,1909f56bfc062723c751e8b465ee728b)
Start importing Assets/Assets/Prototype 2/C3 数字绑架/4新学期小饭量/3 小饭量拼图/63 小饭量拼图碎片2.png using Guid(9807afaa212db74459f41f351f9b0a3f) Importer(815301076,1909f56bfc062723c751e8b465ee728b)  -> (artifact id: '9a6518602a4c228602327308d977f894') in 0.098603 seconds 
========================================================================
Received Import Request.
  Time since last request: 0.000036 seconds.
  path: Assets/Assets/Prototype 01 ART New/C1 故事開始/1-起床睜眼/C1-1 full view/Back.PNG
  artifactKey: Guid(a80d8269058f01d418a29c5460223517) Importer(815301076,1909f56bfc062723c751e8b465ee728b)
Start importing Assets/Assets/Prototype 01 ART New/C1 故事開始/1-起床睜眼/C1-1 full view/Back.PNG using Guid(a80d8269058f01d418a29c5460223517) Importer(815301076,1909f56bfc062723c751e8b465ee728b)  -> (artifact id: 'df952157cd82b47fea7185a9bf9f391b') in 0.067302 seconds 
========================================================================
Received Import Request.
  Time since last request: 0.000023 seconds.
  path: Assets/Assets/Prototype 2/C3 数字绑架/4新学期小饭量/63-1 小饭量拼图fullview.PNG
  artifactKey: Guid(107fff932ff5fe748ab8371448e10afb) Importer(815301076,1909f56bfc062723c751e8b465ee728b)
Start importing Assets/Assets/Prototype 2/C3 数字绑架/4新学期小饭量/63-1 小饭量拼图fullview.PNG using Guid(107fff932ff5fe748ab8371448e10afb) Importer(815301076,1909f56bfc062723c751e8b465ee728b)  -> (artifact id: 'fc1e63e2916c516563332004203b4592') in 0.076799 seconds 
========================================================================
Received Import Request.
  Time since last request: 0.000017 seconds.
  path: Assets/Assets/Rounded/CircleFadeEdge.png
  artifactKey: Guid(c320743106a880747874e64985e8f673) Importer(815301076,1909f56bfc062723c751e8b465ee728b)
Start importing Assets/Assets/Rounded/CircleFadeEdge.png using Guid(c320743106a880747874e64985e8f673) Importer(815301076,1909f56bfc062723c751e8b465ee728b)  -> (artifact id: '11f86a077aeb767d6ab6002974c5af0d') in 0.082629 seconds 
========================================================================
Received Import Request.
  Time since last request: 0.000026 seconds.
  path: Assets/Assets/Prototype 2/C3 数字绑架/6饿得睡不着/66-3 睡觉听到小岚声音.PNG
  artifactKey: Guid(a35ca633fee22de428a06df8f7f0163e) Importer(815301076,1909f56bfc062723c751e8b465ee728b)
Start importing Assets/Assets/Prototype 2/C3 数字绑架/6饿得睡不着/66-3 睡觉听到小岚声音.PNG using Guid(a35ca633fee22de428a06df8f7f0163e) Importer(815301076,1909f56bfc062723c751e8b465ee728b)  -> (artifact id: 'ab82a888582e32f2dec8d1d7502f948d') in 0.108207 seconds 
========================================================================
Received Import Request.
  Time since last request: 0.000030 seconds.
  path: Assets/Assets/Prototype 2/C3 数字绑架/4新学期小饭量/1 日历翻页/active日历翻页动画3.PNG
  artifactKey: Guid(05b937fd6493b324cb6179f31f85c96f) Importer(815301076,1909f56bfc062723c751e8b465ee728b)
Start importing Assets/Assets/Prototype 2/C3 数字绑架/4新学期小饭量/1 日历翻页/active日历翻页动画3.PNG using Guid(05b937fd6493b324cb6179f31f85c96f) Importer(815301076,1909f56bfc062723c751e8b465ee728b)  -> (artifact id: 'f0d6e7b4617aa31bd6d4c1b219064d5c') in 0.051239 seconds 
========================================================================
Received Import Request.
  Time since last request: 0.000022 seconds.
  path: Assets/Assets/Prototype 01 ART New/C2 身材焦慮/1-婚紗扣扣子+高中爛裙/C2-1素材/呼吸bar/bar条（未成功，回落状态）.png
  artifactKey: Guid(a78e99a6f3f33ff4dbd95c9c0eae6714) Importer(815301076,1909f56bfc062723c751e8b465ee728b)
Start importing Assets/Assets/Prototype 01 ART New/C2 身材焦慮/1-婚紗扣扣子+高中爛裙/C2-1素材/呼吸bar/bar条（未成功，回落状态）.png using Guid(a78e99a6f3f33ff4dbd95c9c0eae6714) Importer(815301076,1909f56bfc062723c751e8b465ee728b)  -> (artifact id: '22d0cd0703387f10cd81888c9c5449b9') in 0.051363 seconds 
========================================================================
Received Import Request.
  Time since last request: 0.000020 seconds.
  path: Assets/Assets/Prototype 2/C3 数字绑架/6饿得睡不着/66 头顶小cloud.PNG
  artifactKey: Guid(556a9eb1bdeaec64486154d211336df3) Importer(815301076,1909f56bfc062723c751e8b465ee728b)
Start importing Assets/Assets/Prototype 2/C3 数字绑架/6饿得睡不着/66 头顶小cloud.PNG using Guid(556a9eb1bdeaec64486154d211336df3) Importer(815301076,1909f56bfc062723c751e8b465ee728b)  -> (artifact id: 'fdd0193eaec96455474848b4ccb88104') in 0.103654 seconds 
========================================================================
Received Import Request.
  Time since last request: 0.000024 seconds.
  path: Assets/Animations/會動的鳥/bird.gif
  artifactKey: Guid(02978849283698549af92779471cd725) Importer(815301076,1909f56bfc062723c751e8b465ee728b)
Start importing Assets/Animations/會動的鳥/bird.gif using Guid(02978849283698549af92779471cd725) Importer(815301076,1909f56bfc062723c751e8b465ee728b)  -> (artifact id: 'dcac2ad81332f2026431c060e3b77238') in 0.220700 seconds 
========================================================================
Received Import Request.
  Time since last request: 0.000031 seconds.
  path: Assets/Assets/Prototype 2/C3 数字绑架/5天秤/default挣扎小人动画-4.PNG
  artifactKey: Guid(8b47707b2c4214541a367ee76ededd8a) Importer(815301076,1909f56bfc062723c751e8b465ee728b)
Start importing Assets/Assets/Prototype 2/C3 数字绑架/5天秤/default挣扎小人动画-4.PNG using Guid(8b47707b2c4214541a367ee76ededd8a) Importer(815301076,1909f56bfc062723c751e8b465ee728b)  -> (artifact id: '455a3b7b7c9699a79bcbf7e6da5b8d1b') in 0.117356 seconds 
========================================================================
Received Import Request.
  Time since last request: 0.000018 seconds.
  path: Assets/Scripts/ScratchCard/Demo/Textures/Brush_3.png
  artifactKey: Guid(eef5a9056291fba45ad50d97817d14ae) Importer(815301076,1909f56bfc062723c751e8b465ee728b)
Start importing Assets/Scripts/ScratchCard/Demo/Textures/Brush_3.png using Guid(eef5a9056291fba45ad50d97817d14ae) Importer(815301076,1909f56bfc062723c751e8b465ee728b)  -> (artifact id: '9380e894215f03ab2f78db27326c0756') in 0.039050 seconds 
========================================================================
Received Import Request.
  Time since last request: 0.000024 seconds.
  path: Assets/Assets/封面/关于_最后一页/about_page.png
  artifactKey: Guid(7f6336fdf28ec5e4692e54e4a459e04d) Importer(815301076,1909f56bfc062723c751e8b465ee728b)
Start importing Assets/Assets/封面/关于_最后一页/about_page.png using Guid(7f6336fdf28ec5e4692e54e4a459e04d) Importer(815301076,1909f56bfc062723c751e8b465ee728b)  -> (artifact id: '7a26e97807cee455a24acb3eaefd5222') in 0.068629 seconds 
========================================================================
Received Import Request.
  Time since last request: 0.000031 seconds.
  path: Assets/Assets/Prototype 2/C3 数字绑架/4新学期小饭量/63-3 香蕉饭盘 fullview.PNG
  artifactKey: Guid(31f72217bf7344a4b8449ac37eb6b531) Importer(815301076,1909f56bfc062723c751e8b465ee728b)
Start importing Assets/Assets/Prototype 2/C3 数字绑架/4新学期小饭量/63-3 香蕉饭盘 fullview.PNG using Guid(31f72217bf7344a4b8449ac37eb6b531) Importer(815301076,1909f56bfc062723c751e8b465ee728b)  -> (artifact id: 'a11d2961951355bf85e26d1dca70cf5b') in 0.092016 seconds 
========================================================================
Received Import Request.
  Time since last request: 0.000029 seconds.
  path: Assets/Assets/beta 1.0 UI _ page/cover29号居中字体（已切）.png
  artifactKey: Guid(dd7eb05a775a31f4f89f5cf01dec7ad2) Importer(815301076,1909f56bfc062723c751e8b465ee728b)
Start importing Assets/Assets/beta 1.0 UI _ page/cover29号居中字体（已切）.png using Guid(dd7eb05a775a31f4f89f5cf01dec7ad2) Importer(815301076,1909f56bfc062723c751e8b465ee728b)  -> (artifact id: '90f2c16f0d4027acee9632ae00494bce') in 0.065885 seconds 
========================================================================
Received Import Request.
  Time since last request: 0.000021 seconds.
  path: Assets/Assets/Prototype 2/C3 数字绑架/5天秤/active切断绳小人动画-4.PNG
  artifactKey: Guid(1cf0655fc59b90a4891e7d8a70e20f6e) Importer(815301076,1909f56bfc062723c751e8b465ee728b)
Start importing Assets/Assets/Prototype 2/C3 数字绑架/5天秤/active切断绳小人动画-4.PNG using Guid(1cf0655fc59b90a4891e7d8a70e20f6e) Importer(815301076,1909f56bfc062723c751e8b465ee728b)  -> (artifact id: '3b0afb0cf64bb584e0b6037b2ca4a0cb') in 0.055340 seconds 
========================================================================
Received Import Request.
  Time since last request: 0.000022 seconds.
  path: Assets/Assets/Prototype 2/C3 数字绑架/6饿得睡不着/66-2 转头.PNG
  artifactKey: Guid(5075797059c9f9546adb7c02e7459fce) Importer(815301076,1909f56bfc062723c751e8b465ee728b)
Start importing Assets/Assets/Prototype 2/C3 数字绑架/6饿得睡不着/66-2 转头.PNG using Guid(5075797059c9f9546adb7c02e7459fce) Importer(815301076,1909f56bfc062723c751e8b465ee728b)  -> (artifact id: '85eed9a7227cd34a62fedcdbb9318eb0') in 0.067334 seconds 
========================================================================
Received Import Request.
  Time since last request: 0.000023 seconds.
  path: Assets/Scripts/Shader/Textures/canvas02.png
  artifactKey: Guid(3458d0ce17305b84889bb1f3fcc59562) Importer(815301076,1909f56bfc062723c751e8b465ee728b)
Start importing Assets/Scripts/Shader/Textures/canvas02.png using Guid(3458d0ce17305b84889bb1f3fcc59562) Importer(815301076,1909f56bfc062723c751e8b465ee728b)  -> (artifact id: '2da2b1861fda008ce2436609de32e2b5') in 0.225612 seconds 
========================================================================
Received Import Request.
  Time since last request: 0.000026 seconds.
  path: Assets/Scripts/Shader/Textures/d0dde7df5d72bdf437fbefe84b46f8d.jpg
  artifactKey: Guid(09cf80ecb43d8b84f8d9bda1413c9ddf) Importer(815301076,1909f56bfc062723c751e8b465ee728b)
Start importing Assets/Scripts/Shader/Textures/d0dde7df5d72bdf437fbefe84b46f8d.jpg using Guid(09cf80ecb43d8b84f8d9bda1413c9ddf) Importer(815301076,1909f56bfc062723c751e8b465ee728b)  -> (artifact id: '490a51625e141410cd08d3c2595d19db') in 0.146547 seconds 
========================================================================
Received Import Request.
  Time since last request: 0.000043 seconds.
  path: Assets/Assets/Prototype 2/C3 数字绑架/5天秤/active切断绳小人动画-1.PNG
  artifactKey: Guid(dde24ba00b10b4d49b1e2601b91a6fbf) Importer(815301076,1909f56bfc062723c751e8b465ee728b)
Start importing Assets/Assets/Prototype 2/C3 数字绑架/5天秤/active切断绳小人动画-1.PNG using Guid(dde24ba00b10b4d49b1e2601b91a6fbf) Importer(815301076,1909f56bfc062723c751e8b465ee728b)  -> (artifact id: '174dee694bf89ddfe792f47a163b3186') in 0.075697 seconds 
========================================================================
Received Import Request.
  Time since last request: 0.000022 seconds.
  path: Assets/Assets/Prototype 01 ART New/C2 身材焦慮/1-婚紗扣扣子+高中爛裙/C2-1素材 1/呼吸bar/bar条（激活状态，会动）.png
  artifactKey: Guid(86ce55c70dd25524cbdefef41ed1c995) Importer(815301076,1909f56bfc062723c751e8b465ee728b)
Start importing Assets/Assets/Prototype 01 ART New/C2 身材焦慮/1-婚紗扣扣子+高中爛裙/C2-1素材 1/呼吸bar/bar条（激活状态，会动）.png using Guid(86ce55c70dd25524cbdefef41ed1c995) Importer(815301076,1909f56bfc062723c751e8b465ee728b)  -> (artifact id: 'a3456c2e90a13c2048760e3fc8a63b13') in 0.100756 seconds 
========================================================================
Received Import Request.
  Time since last request: 0.000026 seconds.
  path: Assets/Assets/Prototype 01 ART New/C2 身材焦慮/1-婚紗扣扣子+高中爛裙/C2-1素材/呼吸bar/bar条（激活状态，会动）.png
  artifactKey: Guid(a490133ccaa0f78468aca6fce0e3ed09) Importer(815301076,1909f56bfc062723c751e8b465ee728b)
Start importing Assets/Assets/Prototype 01 ART New/C2 身材焦慮/1-婚紗扣扣子+高中爛裙/C2-1素材/呼吸bar/bar条（激活状态，会动）.png using Guid(a490133ccaa0f78468aca6fce0e3ed09) Importer(815301076,1909f56bfc062723c751e8b465ee728b)  -> (artifact id: 'f4511f80ea116c868a3585036a4c2046') in 0.086092 seconds 
========================================================================
Received Import Request.
  Time since last request: 0.534108 seconds.
  path: Assets/Assets/Prototype 2/C3 数字绑架/4新学期小饭量/1 日历翻页/default日历翻页动画1.PNG
  artifactKey: Guid(c96ede98268cb1c46855b8ff0426adbf) Importer(815301076,1909f56bfc062723c751e8b465ee728b)
Start importing Assets/Assets/Prototype 2/C3 数字绑架/4新学期小饭量/1 日历翻页/default日历翻页动画1.PNG using Guid(c96ede98268cb1c46855b8ff0426adbf) Importer(815301076,1909f56bfc062723c751e8b465ee728b)  -> (artifact id: 'b336712dd6390cc23b52608ec95f1d47') in 0.062282 seconds 
========================================================================
Received Import Request.
  Time since last request: 0.000022 seconds.
  path: Assets/Assets/Prototype 2/C3 数字绑架/4新学期小饭量/1 日历翻页/default日历翻页动画2.PNG
  artifactKey: Guid(bb89fc70cceed904fa8eccb28fbab52d) Importer(815301076,1909f56bfc062723c751e8b465ee728b)
Start importing Assets/Assets/Prototype 2/C3 数字绑架/4新学期小饭量/1 日历翻页/default日历翻页动画2.PNG using Guid(bb89fc70cceed904fa8eccb28fbab52d) Importer(815301076,1909f56bfc062723c751e8b465ee728b)  -> (artifact id: '29ae385373041c5611c0af3ae8a2447a') in 0.061464 seconds 
========================================================================
Received Import Request.
  Time since last request: 0.000022 seconds.
  path: Assets/Assets/Prototype 2/C3 数字绑架/4新学期小饭量/1 日历翻页/default日历翻页动画5.PNG
  artifactKey: Guid(fa55fa1bd04988b438c876162b14bf7e) Importer(815301076,1909f56bfc062723c751e8b465ee728b)
Start importing Assets/Assets/Prototype 2/C3 数字绑架/4新学期小饭量/1 日历翻页/default日历翻页动画5.PNG using Guid(fa55fa1bd04988b438c876162b14bf7e) Importer(815301076,1909f56bfc062723c751e8b465ee728b)  -> (artifact id: 'd976705cb227fb674f9c8fbf4c208562') in 0.066521 seconds 
========================================================================
Received Import Request.
  Time since last request: 0.000031 seconds.
  path: Assets/Assets/Prototype 2/C3 数字绑架/4新学期小饭量/1 日历翻页/default日历翻页动画3.PNG
  artifactKey: Guid(75a7df493d226ad4491528a7f641760e) Importer(815301076,1909f56bfc062723c751e8b465ee728b)
Start importing Assets/Assets/Prototype 2/C3 数字绑架/4新学期小饭量/1 日历翻页/default日历翻页动画3.PNG using Guid(75a7df493d226ad4491528a7f641760e) Importer(815301076,1909f56bfc062723c751e8b465ee728b)  -> (artifact id: '5d43554bc1a44ac82354bf10a2f7c96e') in 0.089150 seconds 
Editor requested this worker to shutdown with reason: Scaling down because of idle timeout
AssetImportWorker is now disconnected from the server
Process exiting
Exiting without the bug reporter. Application will terminate with return code 0