Using pre-set license
Built from '2021.3/china_unity/release' branch; Version is '2021.3.5f1c1 (23e20ff61267) revision 2351631'; Using compiler version '192829333'; Build Type 'Release'
OS: 'Windows 11  (10.0.22000) 64bit CoreCountrySpecific' Language: 'zh' Physical Memory: 16259 MB
BatchMode: 1, IsHumanControllingUs: 0, StartBugReporterOnCrash: 0, Is64bit: 1, IsPro: 1

COMMAND LINE ARGUMENTS:
G:\Unity\2021.3.5f1c1\Editor\Unity.exe
-adb2
-batchMode
-noUpm
-name
AssetImportWorker0
-projectPath
H:/Github/Projects/Bulimia_new_ios
-logFile
Logs/AssetImportWorker0.log
-srvPort
55805
Successfully changed project path to: H:/Github/Projects/Bulimia_new_ios
H:/Github/Projects/Bulimia_new_ios
[UnityMemory] Configuration Parameters - Can be set up in boot.config
    "memorysetup-bucket-allocator-granularity=16"
    "memorysetup-bucket-allocator-bucket-count=8"
    "memorysetup-bucket-allocator-block-size=33554432"
    "memorysetup-bucket-allocator-block-count=8"
    "memorysetup-main-allocator-block-size=16777216"
    "memorysetup-thread-allocator-block-size=16777216"
    "memorysetup-gfx-main-allocator-block-size=16777216"
    "memorysetup-gfx-thread-allocator-block-size=16777216"
    "memorysetup-cache-allocator-block-size=4194304"
    "memorysetup-typetree-allocator-block-size=2097152"
    "memorysetup-profiler-bucket-allocator-granularity=16"
    "memorysetup-profiler-bucket-allocator-bucket-count=8"
    "memorysetup-profiler-bucket-allocator-block-size=33554432"
    "memorysetup-profiler-bucket-allocator-block-count=8"
    "memorysetup-profiler-allocator-block-size=16777216"
    "memorysetup-profiler-editor-allocator-block-size=1048576"
    "memorysetup-temp-allocator-size-main=16777216"
    "memorysetup-job-temp-allocator-block-size=2097152"
    "memorysetup-job-temp-allocator-block-size-background=1048576"
    "memorysetup-job-temp-allocator-reduction-small-platforms=262144"
    "memorysetup-temp-allocator-size-background-worker=32768"
    "memorysetup-temp-allocator-size-job-worker=262144"
    "memorysetup-temp-allocator-size-preload-manager=33554432"
    "memorysetup-temp-allocator-size-nav-mesh-worker=65536"
    "memorysetup-temp-allocator-size-audio-worker=65536"
    "memorysetup-temp-allocator-size-cloud-worker=32768"
    "memorysetup-temp-allocator-size-gi-baking-worker=262144"
    "memorysetup-temp-allocator-size-gfx=262144"
AS: AutoStreaming module initializing.
Refreshing native plugins compatible for Editor in 59.82 ms, found 3 plugins.
Preloading 0 native plugins for Editor in 0.00 ms.
Initialize engine version: 2021.3.5f1c1 (23e20ff61267)
[Subsystems] Discovering subsystems at path G:/Unity/2021.3.5f1c1/Editor/Data/Resources/UnitySubsystems
[Subsystems] Discovering subsystems at path H:/Github/Projects/Bulimia_new_ios/Assets
GfxDevice: creating device client; threaded=0; jobified=0
Direct3D:
    Version:  Direct3D 11.0 [level 11.1]
    Renderer: NVIDIA GeForce RTX 2070 with Max-Q Design (ID=0x1f50)
    Vendor:   NVIDIA
    VRAM:     8031 MB
    Driver:   30.0.15.1278
Initialize mono
Mono path[0] = 'G:/Unity/2021.3.5f1c1/Editor/Data/Managed'
Mono path[1] = 'G:/Unity/2021.3.5f1c1/Editor/Data/MonoBleedingEdge/lib/mono/unityjit-win32'
Mono config path = 'G:/Unity/2021.3.5f1c1/Editor/Data/MonoBleedingEdge/etc'
Using monoOptions --debugger-agent=transport=dt_socket,embedding=1,server=y,suspend=n,address=127.0.0.1:56432
Begin MonoManager ReloadAssembly
Registering precompiled unity dll's ...
Register platform support module: G:/Unity/2021.3.5f1c1/Editor/Data/PlaybackEngines/WebGLSupport/UnityEditor.WebGL.Extensions.dll
Register platform support module: G:/Unity/2021.3.5f1c1/Editor/Data/PlaybackEngines/AndroidPlayer/UnityEditor.Android.Extensions.dll
Register platform support module: G:/Unity/2021.3.5f1c1/Editor/Data/PlaybackEngines/iOSSupport/UnityEditor.iOS.Extensions.dll
Register platform support module: G:/Unity/2021.3.5f1c1/Editor/Data/PlaybackEngines/WindowsStandaloneSupport/UnityEditor.WindowsStandalone.Extensions.dll
Registered in 0.006988 seconds.
Native extension for WindowsStandalone target not found
[usbmuxd] Start listen thread
[usbmuxd] Listen thread started
[usbmuxd] Send listen message
Native extension for iOS target not found
Native extension for Android target not found
Native extension for WebGL target not found
Refreshing native plugins compatible for Editor in 58.71 ms, found 3 plugins.
Preloading 0 native plugins for Editor in 0.00 ms.
Mono: successfully reloaded assembly
- Completed reload, in  0.731 seconds
Domain Reload Profiling:
	ReloadAssembly (731ms)
		BeginReloadAssembly (94ms)
			ExecutionOrderSort (0ms)
			DisableScriptedObjects (0ms)
			BackupInstance (0ms)
			ReleaseScriptingObjects (0ms)
			CreateAndSetChildDomain (1ms)
		EndReloadAssembly (511ms)
			LoadAssemblies (90ms)
			RebuildTransferFunctionScriptingTraits (0ms)
			SetupTypeCache (121ms)
			ReleaseScriptCaches (0ms)
			RebuildScriptCaches (32ms)
			SetupLoadedEditorAssemblies (284ms)
				LogAssemblyErrors (0ms)
				InitializePlatformSupportModulesInManaged (68ms)
				SetLoadedEditorAssemblies (0ms)
				RefreshPlugins (59ms)
				BeforeProcessingInitializeOnLoad (2ms)
				ProcessInitializeOnLoadAttributes (105ms)
				ProcessInitializeOnLoadMethodAttributes (50ms)
				AfterProcessingInitializeOnLoad (0ms)
				EditorAssembliesLoaded (0ms)
			ExecutionOrderSort2 (0ms)
			AwakeInstancesAfterBackupRestoration (0ms)
Platform modules already initialized, skipping
Registering precompiled user dll's ...
Registered in 0.011125 seconds.
Begin MonoManager ReloadAssembly
Native extension for WindowsStandalone target not found
Native extension for iOS target not found
Native extension for Android target not found
Native extension for WebGL target not found
Refreshing native plugins compatible for Editor in 57.86 ms, found 3 plugins.
Preloading 0 native plugins for Editor in 0.00 ms.
Mono: successfully reloaded assembly
- Completed reload, in  1.368 seconds
Domain Reload Profiling:
	ReloadAssembly (1369ms)
		BeginReloadAssembly (244ms)
			ExecutionOrderSort (0ms)
			DisableScriptedObjects (6ms)
			BackupInstance (0ms)
			ReleaseScriptingObjects (0ms)
			CreateAndSetChildDomain (126ms)
		EndReloadAssembly (979ms)
			LoadAssemblies (107ms)
			RebuildTransferFunctionScriptingTraits (0ms)
			SetupTypeCache (250ms)
			ReleaseScriptCaches (1ms)
			RebuildScriptCaches (66ms)
			SetupLoadedEditorAssemblies (508ms)
				LogAssemblyErrors (0ms)
				InitializePlatformSupportModulesInManaged (23ms)
				SetLoadedEditorAssemblies (0ms)
				RefreshPlugins (58ms)
				BeforeProcessingInitializeOnLoad (109ms)
				ProcessInitializeOnLoadAttributes (259ms)
				ProcessInitializeOnLoadMethodAttributes (45ms)
				AfterProcessingInitializeOnLoad (14ms)
				EditorAssembliesLoaded (0ms)
			ExecutionOrderSort2 (0ms)
			AwakeInstancesAfterBackupRestoration (7ms)
Platform modules already initialized, skipping
========================================================================
Worker process is ready to serve import requests
Launched and connected shader compiler UnityShaderCompiler.exe after 0.04 seconds
Refreshing native plugins compatible for Editor in 0.61 ms, found 3 plugins.
Preloading 0 native plugins for Editor in 0.00 ms.
Unloading 2815 Unused Serialized files (Serialized files now loaded: 0)
Unloading 47 unused Assets / (130.1 KB). Loaded Objects now: 3278.
Memory consumption went from 123.3 MB to 123.2 MB.
Total: 3.524200 ms (FindLiveObjects: 0.246700 ms CreateObjectMapping: 0.174900 ms MarkObjects: 3.025800 ms  DeleteObjects: 0.075900 ms)

AssetImportParameters requested are different than current active one (requested -> active):
  custom:video-decoder-ogg-theora: a1e56fd34408186e4bbccfd4996cb3dc -> 
  custom:container-muxer-webm: aa71ff27fc2769a1b78a27578f13a17b -> 
  custom:container-demuxer-webm: 4f35f7cbe854078d1ac9338744f61a02 -> 
  custom:video-encoder-webm-vp8: eb34c28f22e8b96e1ab97ce403110664 -> 
  custom:video-codec-MediaFoundation-h265: 746d11721c4dcdbdad8f713fa42b33f4 -> 
  custom:audio-encoder-webm-vorbis: bf7c407c2cedff20999df2af8eb42d56 -> 
  custom:framework-win-MediaFoundation: 216162199b28c13a410421893ffa2e32 -> 
  custom:container-demuxer-ogg: 62fdf1f143b41e24485cea50d1cbac27 -> 
  custom:video-decoder-webm-vp8: 9c59270c3fd7afecdb556c50c9e8de78 -> 
  custom:audio-decoder-ogg-vorbis: bf7c407c2cedff20999df2af8eb42d56 -> 
========================================================================
Received Import Request.
  Time since last request: 616.019678 seconds.
  path: Assets/Assets/Prototype 2/C3 数字绑架/4新学期小饭量/1 日历翻页
  artifactKey: Guid(cdd033714d74a424eb449030ec9bf602) Importer(815301076,1909f56bfc062723c751e8b465ee728b)
Start importing Assets/Assets/Prototype 2/C3 数字绑架/4新学期小饭量/1 日历翻页 using Guid(cdd033714d74a424eb449030ec9bf602) Importer(815301076,1909f56bfc062723c751e8b465ee728b)  -> (artifact id: 'ca414e58a5f13f294de4e54ee19c76be') in 0.019663 seconds 
========================================================================
Received Import Request.
  Time since last request: 16.152315 seconds.
  path: Assets/Assets/Prototype 2/C3 数字绑架/4新学期小饭量/1 日历翻页/active日历翻页动画1.PNG
  artifactKey: Guid(d3ca10e1ea8b1bb478dc3e4db65a3854) Importer(815301076,1909f56bfc062723c751e8b465ee728b)
Start importing Assets/Assets/Prototype 2/C3 数字绑架/4新学期小饭量/1 日历翻页/active日历翻页动画1.PNG using Guid(d3ca10e1ea8b1bb478dc3e4db65a3854) Importer(815301076,1909f56bfc062723c751e8b465ee728b)  -> (artifact id: '4fc61b40560a51399a30e3a157d5d55e') in 0.170824 seconds 
========================================================================
Received Import Request.
  Time since last request: 264.296966 seconds.
  path: Assets/Assets/Prototype 2/C3 数字绑架/4新学期小饭量/3 小饭量拼图/63 小饭量拼图defaul 背景.PNG
  artifactKey: Guid(e59507bec5ac86446b792c766c767b03) Importer(815301076,1909f56bfc062723c751e8b465ee728b)
Start importing Assets/Assets/Prototype 2/C3 数字绑架/4新学期小饭量/3 小饭量拼图/63 小饭量拼图defaul 背景.PNG using Guid(e59507bec5ac86446b792c766c767b03) Importer(815301076,1909f56bfc062723c751e8b465ee728b)  -> (artifact id: 'bb95cc7d2b0a834f514334cd2c1b5887') in 0.469776 seconds 
========================================================================
Received Import Request.
  Time since last request: 0.000028 seconds.
  path: Assets/Assets/Prototype 01 ART New/C2 身材焦慮/2-領取校服+上課/after体重计1（无交互）.png
  artifactKey: Guid(a180160bf590d8f4d8e6d6316470690b) Importer(815301076,1909f56bfc062723c751e8b465ee728b)
Start importing Assets/Assets/Prototype 01 ART New/C2 身材焦慮/2-領取校服+上課/after体重计1（无交互）.png using Guid(a180160bf590d8f4d8e6d6316470690b) Importer(815301076,1909f56bfc062723c751e8b465ee728b)  -> (artifact id: '776392653fc6c85c5073d8ba60be9c1d') in 0.222607 seconds 
========================================================================
Received Import Request.
  Time since last request: 0.000029 seconds.
  path: Assets/Assets/Prototype 2/C3 数字绑架/5天秤/default挣扎小人动画-2.PNG
  artifactKey: Guid(b5a3c27c3682b61439a26b0213b467de) Importer(815301076,1909f56bfc062723c751e8b465ee728b)
Start importing Assets/Assets/Prototype 2/C3 数字绑架/5天秤/default挣扎小人动画-2.PNG using Guid(b5a3c27c3682b61439a26b0213b467de) Importer(815301076,1909f56bfc062723c751e8b465ee728b)  -> (artifact id: 'f142b4cb6bbe3086f2a03182c051f345') in 0.089611 seconds 
========================================================================
Received Import Request.
  Time since last request: 0.000018 seconds.
  path: Assets/Assets/Prototype 2/C3 数字绑架/6饿得睡不着/66 小岚呕吐bubble2.PNG
  artifactKey: Guid(e2cc8137fcaf3d3499913f60eb72c1e9) Importer(815301076,1909f56bfc062723c751e8b465ee728b)
Start importing Assets/Assets/Prototype 2/C3 数字绑架/6饿得睡不着/66 小岚呕吐bubble2.PNG using Guid(e2cc8137fcaf3d3499913f60eb72c1e9) Importer(815301076,1909f56bfc062723c751e8b465ee728b)  -> (artifact id: '54de8cd710e6992dafc5ec304b34ec8d') in 0.070318 seconds 
========================================================================
Received Import Request.
  Time since last request: 0.000023 seconds.
  path: Assets/Assets/Rounded/Circle Dot Half.png
  artifactKey: Guid(843a593f20cc0b54cb4aa88899bf9628) Importer(815301076,1909f56bfc062723c751e8b465ee728b)
Start importing Assets/Assets/Rounded/Circle Dot Half.png using Guid(843a593f20cc0b54cb4aa88899bf9628) Importer(815301076,1909f56bfc062723c751e8b465ee728b)  -> (artifact id: '763b8bba151067ad9a61900928c8a0e3') in 0.143897 seconds 
========================================================================
Received Import Request.
  Time since last request: 0.000023 seconds.
  path: Assets/Assets/Prototype 01 ART New/C2 身材焦慮/1-婚紗扣扣子+高中爛裙/C2-1素材 1/呼吸bar/bar条（未成功，回落状态）.png
  artifactKey: Guid(3bc49aa7a3c49834bb0d477fc716a96b) Importer(815301076,1909f56bfc062723c751e8b465ee728b)
Start importing Assets/Assets/Prototype 01 ART New/C2 身材焦慮/1-婚紗扣扣子+高中爛裙/C2-1素材 1/呼吸bar/bar条（未成功，回落状态）.png using Guid(3bc49aa7a3c49834bb0d477fc716a96b) Importer(815301076,1909f56bfc062723c751e8b465ee728b)  -> (artifact id: '99fc7c32c54fd41421d1f091ead2e1a8') in 0.076207 seconds 
========================================================================
Received Import Request.
  Time since last request: 0.000026 seconds.
  path: Assets/Assets/Prototype 01 ART New/C2 身材焦慮/1-婚紗扣扣子+高中爛裙/C2-1素材/呼吸bar/bar条背景.png
  artifactKey: Guid(751f72a39f430014eb49a4fa225d4e8d) Importer(815301076,1909f56bfc062723c751e8b465ee728b)
Start importing Assets/Assets/Prototype 01 ART New/C2 身材焦慮/1-婚紗扣扣子+高中爛裙/C2-1素材/呼吸bar/bar条背景.png using Guid(751f72a39f430014eb49a4fa225d4e8d) Importer(815301076,1909f56bfc062723c751e8b465ee728b)  -> (artifact id: '7e39a6d1f03cd1a6fec37fb29d6553fc') in 0.164670 seconds 
========================================================================
Received Import Request.
  Time since last request: 0.000015 seconds.
  path: Assets/Assets/Prototype 2/C3 数字绑架/6饿得睡不着/66-1 幻想.PNG
  artifactKey: Guid(f597de33b77c36d418f8f471fddacee3) Importer(815301076,1909f56bfc062723c751e8b465ee728b)
Start importing Assets/Assets/Prototype 2/C3 数字绑架/6饿得睡不着/66-1 幻想.PNG using Guid(f597de33b77c36d418f8f471fddacee3) Importer(815301076,1909f56bfc062723c751e8b465ee728b)  -> (artifact id: '6196cfcb439a02420cb6ed5bb632a2d8') in 0.119374 seconds 
========================================================================
Received Import Request.
  Time since last request: 0.000022 seconds.
  path: Assets/Assets/封面/封面素材/cover背景.png
  artifactKey: Guid(81b2171428aaee647a28220dc4d6561e) Importer(815301076,1909f56bfc062723c751e8b465ee728b)
Start importing Assets/Assets/封面/封面素材/cover背景.png using Guid(81b2171428aaee647a28220dc4d6561e) Importer(815301076,1909f56bfc062723c751e8b465ee728b)  -> (artifact id: '3bc2584c3d36bc06536f67fec125a756') in 0.096718 seconds 
========================================================================
Received Import Request.
  Time since last request: 0.000029 seconds.
  path: Assets/Assets/Prototype 2/C3 数字绑架/5天秤/64-65 天秤 fullview.PNG
  artifactKey: Guid(a1cd285f7f753a54795685484c9aac83) Importer(815301076,1909f56bfc062723c751e8b465ee728b)
Start importing Assets/Assets/Prototype 2/C3 数字绑架/5天秤/64-65 天秤 fullview.PNG using Guid(a1cd285f7f753a54795685484c9aac83) Importer(815301076,1909f56bfc062723c751e8b465ee728b)  -> (artifact id: '77bed64d044f46209b62f97fc1bcf2f3') in 0.280172 seconds 
========================================================================
Received Import Request.
  Time since last request: 0.000026 seconds.
  path: Assets/Assets/封面/封面 1/封面素材/cover纯图.png
  artifactKey: Guid(133ad9705f98a954b9016ef01a62a767) Importer(815301076,1909f56bfc062723c751e8b465ee728b)
Start importing Assets/Assets/封面/封面 1/封面素材/cover纯图.png using Guid(133ad9705f98a954b9016ef01a62a767) Importer(815301076,1909f56bfc062723c751e8b465ee728b)  -> (artifact id: '8e3b5cbc99236335a10dce48ab408c3b') in 0.152436 seconds 
========================================================================
Received Import Request.
  Time since last request: 0.000029 seconds.
  path: Assets/Assets/封面/cover3 效果.png
  artifactKey: Guid(b6613a797402261438696354d568acf8) Importer(815301076,1909f56bfc062723c751e8b465ee728b)
Start importing Assets/Assets/封面/cover3 效果.png using Guid(b6613a797402261438696354d568acf8) Importer(815301076,1909f56bfc062723c751e8b465ee728b)  -> (artifact id: 'dfe8ce3b29ab3943aa26d5363818fcd0') in 0.088875 seconds 
========================================================================
Received Import Request.
  Time since last request: 0.000019 seconds.
  path: Assets/Assets/Prototype 2/C3 数字绑架/5天秤/active切断绳小人动画-2.PNG
  artifactKey: Guid(a653567fe31b82b44a5ae8fb16a906d0) Importer(815301076,1909f56bfc062723c751e8b465ee728b)
Start importing Assets/Assets/Prototype 2/C3 数字绑架/5天秤/active切断绳小人动画-2.PNG using Guid(a653567fe31b82b44a5ae8fb16a906d0) Importer(815301076,1909f56bfc062723c751e8b465ee728b)  -> (artifact id: 'fa8a9d6df221612edce41f55de6bf9dc') in 0.087889 seconds 
========================================================================
Received Import Request.
  Time since last request: 0.000018 seconds.
  path: Assets/Assets/Rounded/CircleFill.png
  artifactKey: Guid(49aa95dce19ed694895b65f4f8ead835) Importer(815301076,1909f56bfc062723c751e8b465ee728b)
Start importing Assets/Assets/Rounded/CircleFill.png using Guid(49aa95dce19ed694895b65f4f8ead835) Importer(815301076,1909f56bfc062723c751e8b465ee728b)  -> (artifact id: 'c25441a6b16c0d367fd12bfb5d743296') in 0.123345 seconds 
========================================================================
Received Import Request.
  Time since last request: 0.000034 seconds.
  path: Assets/Assets/Prototype 2/C3 数字绑架/5天秤/active切断绳小人动画-3.PNG
  artifactKey: Guid(8ddc42aa60989fa479fb88cc3b65c8e5) Importer(815301076,1909f56bfc062723c751e8b465ee728b)
Start importing Assets/Assets/Prototype 2/C3 数字绑架/5天秤/active切断绳小人动画-3.PNG using Guid(8ddc42aa60989fa479fb88cc3b65c8e5) Importer(815301076,1909f56bfc062723c751e8b465ee728b)  -> (artifact id: 'def05e1e97336f3fffe6c8e3b6ac8b8e') in 0.139165 seconds 
========================================================================
Received Import Request.
  Time since last request: 0.000023 seconds.
  path: Assets/Assets/Prototype 2/C3 数字绑架/6饿得睡不着/66 小岚呕吐bubble1.PNG
  artifactKey: Guid(9d579aadf7c30fa4489b1803613be2cb) Importer(815301076,1909f56bfc062723c751e8b465ee728b)
Start importing Assets/Assets/Prototype 2/C3 数字绑架/6饿得睡不着/66 小岚呕吐bubble1.PNG using Guid(9d579aadf7c30fa4489b1803613be2cb) Importer(815301076,1909f56bfc062723c751e8b465ee728b)  -> (artifact id: '9c6c63fb2e1a0eaadc9a061a8f6d52ee') in 0.072899 seconds 
========================================================================
Received Import Request.
  Time since last request: 0.000020 seconds.
  path: Assets/Assets/封面/封面 1/封面素材/cover背景.png
  artifactKey: Guid(f40c83655f7ebac4f888f512cb498462) Importer(815301076,1909f56bfc062723c751e8b465ee728b)
Start importing Assets/Assets/封面/封面 1/封面素材/cover背景.png using Guid(f40c83655f7ebac4f888f512cb498462) Importer(815301076,1909f56bfc062723c751e8b465ee728b)  -> (artifact id: '1f28fb553364b18b94c09478f0813269') in 0.088681 seconds 
========================================================================
Received Import Request.
  Time since last request: 0.000019 seconds.
  path: Assets/Assets/Prototype 01 ART New/會動的鳥/bird.gif
  artifactKey: Guid(e2496efb7b99837458ba2d7f5784109c) Importer(815301076,1909f56bfc062723c751e8b465ee728b)
Start importing Assets/Assets/Prototype 01 ART New/會動的鳥/bird.gif using Guid(e2496efb7b99837458ba2d7f5784109c) Importer(815301076,1909f56bfc062723c751e8b465ee728b)  -> (artifact id: '49f48379a2d7b910589f62297efd2a26') in 0.101084 seconds 
========================================================================
Received Import Request.
  Time since last request: 0.000027 seconds.
  path: Assets/Assets/Prototype 2/C3 数字绑架/5天秤/default挣扎小人动画-1.PNG
  artifactKey: Guid(485c76e39cb5f6042b465c21c628624f) Importer(815301076,1909f56bfc062723c751e8b465ee728b)
Start importing Assets/Assets/Prototype 2/C3 数字绑架/5天秤/default挣扎小人动画-1.PNG using Guid(485c76e39cb5f6042b465c21c628624f) Importer(815301076,1909f56bfc062723c751e8b465ee728b)  -> (artifact id: 'c292ca14b15321da0c5e1ad7eeb7525d') in 0.070709 seconds 
========================================================================
Received Import Request.
  Time since last request: 0.000031 seconds.
  path: Assets/Scripts/ScratchCard/Demo/Textures/Brush_1.png
  artifactKey: Guid(6407cb4b2bd9f4a82b1e98830cae7837) Importer(815301076,1909f56bfc062723c751e8b465ee728b)
Start importing Assets/Scripts/ScratchCard/Demo/Textures/Brush_1.png using Guid(6407cb4b2bd9f4a82b1e98830cae7837) Importer(815301076,1909f56bfc062723c751e8b465ee728b)  -> (artifact id: '38a6c8388b8dfe49936ddf08c789b0df') in 0.032477 seconds 
========================================================================
Received Import Request.
  Time since last request: 0.000021 seconds.
  path: Assets/Assets/封面/封面素材/cover纯图.png
  artifactKey: Guid(b598896ed4b333e44b354a9e3bbbd2cb) Importer(815301076,1909f56bfc062723c751e8b465ee728b)
Start importing Assets/Assets/封面/封面素材/cover纯图.png using Guid(b598896ed4b333e44b354a9e3bbbd2cb) Importer(815301076,1909f56bfc062723c751e8b465ee728b)  -> (artifact id: 'b8dd005ab67d365b4ae8f16c2c5e95b7') in 0.082646 seconds 
========================================================================
Received Import Request.
  Time since last request: 0.000018 seconds.
  path: Assets/Assets/Prototype 01 ART New/C2 身材焦慮/1-婚紗扣扣子+高中爛裙/C2-1素材 1/呼吸bar/bar条背景.png
  artifactKey: Guid(4338e9e83001c2c4ba354181afed5780) Importer(815301076,1909f56bfc062723c751e8b465ee728b)
Start importing Assets/Assets/Prototype 01 ART New/C2 身材焦慮/1-婚紗扣扣子+高中爛裙/C2-1素材 1/呼吸bar/bar条背景.png using Guid(4338e9e83001c2c4ba354181afed5780) Importer(815301076,1909f56bfc062723c751e8b465ee728b)  -> (artifact id: '1dbd9afbe77901424151adadb652b65e') in 0.090969 seconds 
========================================================================
Received Import Request.
  Time since last request: 0.000027 seconds.
  path: Assets/Assets/Prototype 2/C3 数字绑架/6饿得睡不着/66 小岚呕吐bubble3.PNG
  artifactKey: Guid(a922d7e769946c24f9b85af0cb871794) Importer(815301076,1909f56bfc062723c751e8b465ee728b)
Start importing Assets/Assets/Prototype 2/C3 数字绑架/6饿得睡不着/66 小岚呕吐bubble3.PNG using Guid(a922d7e769946c24f9b85af0cb871794) Importer(815301076,1909f56bfc062723c751e8b465ee728b)  -> (artifact id: 'a858adae421c3bf8f6ebb8c0196a991e') in 0.088918 seconds 
========================================================================
Received Import Request.
  Time since last request: 0.000028 seconds.
  path: Assets/Assets/Prototype 2/C3 数字绑架/4新学期小饭量/3 小饭量拼图/63 拼图后香蕉饭盘.PNG
  artifactKey: Guid(e306e0f7134549f4283b766bd9cc1ba3) Importer(815301076,1909f56bfc062723c751e8b465ee728b)
Start importing Assets/Assets/Prototype 2/C3 数字绑架/4新学期小饭量/3 小饭量拼图/63 拼图后香蕉饭盘.PNG using Guid(e306e0f7134549f4283b766bd9cc1ba3) Importer(815301076,1909f56bfc062723c751e8b465ee728b)  -> (artifact id: 'd92a266b57aab573f834ed822a08e709') in 0.068051 seconds 
========================================================================
Received Import Request.
  Time since last request: 0.000023 seconds.
  path: Assets/Assets/封面/about_page.png
  artifactKey: Guid(65c0147ec547697488f3b3c1e0138c01) Importer(815301076,1909f56bfc062723c751e8b465ee728b)
Start importing Assets/Assets/封面/about_page.png using Guid(65c0147ec547697488f3b3c1e0138c01) Importer(815301076,1909f56bfc062723c751e8b465ee728b)  -> (artifact id: '5840ff74d07de055305f84bf78308805') in 0.101212 seconds 
========================================================================
Received Import Request.
  Time since last request: 0.000025 seconds.
  path: Assets/Scripts/Shader/Textures/1137923.png
  artifactKey: Guid(fbdc3f7f55afd6b46954aca0d13a9a3d) Importer(815301076,1909f56bfc062723c751e8b465ee728b)
Start importing Assets/Scripts/Shader/Textures/1137923.png using Guid(fbdc3f7f55afd6b46954aca0d13a9a3d) Importer(815301076,1909f56bfc062723c751e8b465ee728b)  -> (artifact id: '4a023cb51f63f837e831cdb113166be3') in 0.114350 seconds 
========================================================================
Received Import Request.
  Time since last request: 0.000023 seconds.
  path: Assets/Assets/Prototype 2/C3 数字绑架/6饿得睡不着/66 小岚呕吐bubble active.PNG
  artifactKey: Guid(918bb69d15db1b0409d4ff0fb9e490df) Importer(815301076,1909f56bfc062723c751e8b465ee728b)
Start importing Assets/Assets/Prototype 2/C3 数字绑架/6饿得睡不着/66 小岚呕吐bubble active.PNG using Guid(918bb69d15db1b0409d4ff0fb9e490df) Importer(815301076,1909f56bfc062723c751e8b465ee728b)  -> (artifact id: '7c4b4bcc95e5585edb39ae8d8a28d584') in 0.055551 seconds 
========================================================================
Received Import Request.
  Time since last request: 0.000026 seconds.
  path: Assets/Assets/Rounded/CircleFade.png
  artifactKey: Guid(db51ff2764dcfcd48bccd325bc1400d1) Importer(815301076,1909f56bfc062723c751e8b465ee728b)
Start importing Assets/Assets/Rounded/CircleFade.png using Guid(db51ff2764dcfcd48bccd325bc1400d1) Importer(815301076,1909f56bfc062723c751e8b465ee728b)  -> (artifact id: 'e43d9da3383de7b19e9b23f8dfbf8ab6') in 0.055995 seconds 
========================================================================
Received Import Request.
  Time since last request: 0.623437 seconds.
  path: Assets/Assets/Prototype 2/C3 数字绑架/4新学期小饭量/62-1日历翻页动画 fullview.PNG
  artifactKey: Guid(0a959dd4e6a80b644843f28aa1104b14) Importer(815301076,1909f56bfc062723c751e8b465ee728b)
Start importing Assets/Assets/Prototype 2/C3 数字绑架/4新学期小饭量/62-1日历翻页动画 fullview.PNG using Guid(0a959dd4e6a80b644843f28aa1104b14) Importer(815301076,1909f56bfc062723c751e8b465ee728b)  -> (artifact id: '3e2db570fa0f02c8f8a132c8fba45a05') in 0.064667 seconds 
========================================================================
Received Import Request.
  Time since last request: 0.000023 seconds.
  path: Assets/Assets/Prototype 2/C3 数字绑架/4新学期小饭量/1 日历翻页/default日历翻页动画6.PNG
  artifactKey: Guid(26a3939f9da637948bb1106717c731f7) Importer(815301076,1909f56bfc062723c751e8b465ee728b)
Start importing Assets/Assets/Prototype 2/C3 数字绑架/4新学期小饭量/1 日历翻页/default日历翻页动画6.PNG using Guid(26a3939f9da637948bb1106717c731f7) Importer(815301076,1909f56bfc062723c751e8b465ee728b)  -> (artifact id: '2776dfac499878d592c39ac3f02f6b8c') in 0.061917 seconds 
========================================================================
Received Import Request.
  Time since last request: 0.000024 seconds.
  path: Assets/Assets/Prototype 2/C3 数字绑架/4新学期小饭量/1 日历翻页/default日历翻页动画最上层.PNG
  artifactKey: Guid(1666bbe35382eb042b1a96167240bfd7) Importer(815301076,1909f56bfc062723c751e8b465ee728b)
Start importing Assets/Assets/Prototype 2/C3 数字绑架/4新学期小饭量/1 日历翻页/default日历翻页动画最上层.PNG using Guid(1666bbe35382eb042b1a96167240bfd7) Importer(815301076,1909f56bfc062723c751e8b465ee728b)  -> (artifact id: 'caa1b8261c55d7ee863b0b5b45f41453') in 0.065106 seconds 
========================================================================
Received Import Request.
  Time since last request: 0.000027 seconds.
  path: Assets/Assets/Prototype 2/C3 数字绑架/4新学期小饭量/1 日历翻页/日历翻页动画bg九月.PNG
  artifactKey: Guid(781609982b3dbe1418d8855811294690) Importer(815301076,1909f56bfc062723c751e8b465ee728b)
Start importing Assets/Assets/Prototype 2/C3 数字绑架/4新学期小饭量/1 日历翻页/日历翻页动画bg九月.PNG using Guid(781609982b3dbe1418d8855811294690) Importer(815301076,1909f56bfc062723c751e8b465ee728b)  -> (artifact id: '3c8b10d368e788f69b522ff7a726ae5d') in 0.090154 seconds 
========================================================================
Received Prepare
Registering precompiled user dll's ...
Registered in 0.007886 seconds.
Begin MonoManager ReloadAssembly
Native extension for WindowsStandalone target not found
Native extension for iOS target not found
Native extension for Android target not found
Native extension for WebGL target not found
Refreshing native plugins compatible for Editor in 0.78 ms, found 3 plugins.
Preloading 0 native plugins for Editor in 0.00 ms.
Mono: successfully reloaded assembly
- Completed reload, in  1.304 seconds
Domain Reload Profiling:
	ReloadAssembly (1305ms)
		BeginReloadAssembly (182ms)
			ExecutionOrderSort (0ms)
			DisableScriptedObjects (8ms)
			BackupInstance (0ms)
			ReleaseScriptingObjects (0ms)
			CreateAndSetChildDomain (43ms)
		EndReloadAssembly (992ms)
			LoadAssemblies (124ms)
			RebuildTransferFunctionScriptingTraits (0ms)
			SetupTypeCache (242ms)
			ReleaseScriptCaches (1ms)
			RebuildScriptCaches (59ms)
			SetupLoadedEditorAssemblies (515ms)
				LogAssemblyErrors (0ms)
				InitializePlatformSupportModulesInManaged (38ms)
				SetLoadedEditorAssemblies (1ms)
				RefreshPlugins (1ms)
				BeforeProcessingInitializeOnLoad (113ms)
				ProcessInitializeOnLoadAttributes (290ms)
				ProcessInitializeOnLoadMethodAttributes (55ms)
				AfterProcessingInitializeOnLoad (18ms)
				EditorAssembliesLoaded (0ms)
			ExecutionOrderSort2 (0ms)
			AwakeInstancesAfterBackupRestoration (12ms)
Platform modules already initialized, skipping
Refreshing native plugins compatible for Editor in 2.63 ms, found 3 plugins.
Preloading 0 native plugins for Editor in 0.00 ms.
Unloading 2794 Unused Serialized files (Serialized files now loaded: 0)
Unloading 22 unused Assets / (97.4 KB). Loaded Objects now: 3329.
Memory consumption went from 125.9 MB to 125.8 MB.
Total: 4.064000 ms (FindLiveObjects: 0.216800 ms CreateObjectMapping: 0.122700 ms MarkObjects: 3.688200 ms  DeleteObjects: 0.035200 ms)

AssetImportParameters requested are different than current active one (requested -> active):
  custom:video-decoder-ogg-theora: a1e56fd34408186e4bbccfd4996cb3dc -> 
  custom:container-muxer-webm: aa71ff27fc2769a1b78a27578f13a17b -> 
  custom:container-demuxer-webm: 4f35f7cbe854078d1ac9338744f61a02 -> 
  custom:video-encoder-webm-vp8: eb34c28f22e8b96e1ab97ce403110664 -> 
  custom:video-codec-MediaFoundation-h265: 746d11721c4dcdbdad8f713fa42b33f4 -> 
  custom:audio-encoder-webm-vorbis: bf7c407c2cedff20999df2af8eb42d56 -> 
  custom:framework-win-MediaFoundation: 216162199b28c13a410421893ffa2e32 -> 
  custom:container-demuxer-ogg: 62fdf1f143b41e24485cea50d1cbac27 -> 
  custom:video-decoder-webm-vp8: 9c59270c3fd7afecdb556c50c9e8de78 -> 
  custom:audio-decoder-ogg-vorbis: bf7c407c2cedff20999df2af8eb42d56 -> 
========================================================================
Received Prepare
Registering precompiled user dll's ...
Registered in 0.008538 seconds.
Begin MonoManager ReloadAssembly
Native extension for WindowsStandalone target not found
Native extension for iOS target not found
Native extension for Android target not found
Native extension for WebGL target not found
Refreshing native plugins compatible for Editor in 0.72 ms, found 3 plugins.
Preloading 0 native plugins for Editor in 0.00 ms.
Mono: successfully reloaded assembly
- Completed reload, in  1.289 seconds
Domain Reload Profiling:
	ReloadAssembly (1290ms)
		BeginReloadAssembly (175ms)
			ExecutionOrderSort (0ms)
			DisableScriptedObjects (8ms)
			BackupInstance (0ms)
			ReleaseScriptingObjects (0ms)
			CreateAndSetChildDomain (37ms)
		EndReloadAssembly (979ms)
			LoadAssemblies (130ms)
			RebuildTransferFunctionScriptingTraits (0ms)
			SetupTypeCache (271ms)
			ReleaseScriptCaches (1ms)
			RebuildScriptCaches (59ms)
			SetupLoadedEditorAssemblies (472ms)
				LogAssemblyErrors (0ms)
				InitializePlatformSupportModulesInManaged (35ms)
				SetLoadedEditorAssemblies (1ms)
				RefreshPlugins (1ms)
				BeforeProcessingInitializeOnLoad (109ms)
				ProcessInitializeOnLoadAttributes (267ms)
				ProcessInitializeOnLoadMethodAttributes (47ms)
				AfterProcessingInitializeOnLoad (14ms)
				EditorAssembliesLoaded (0ms)
			ExecutionOrderSort2 (0ms)
			AwakeInstancesAfterBackupRestoration (9ms)
Platform modules already initialized, skipping
Refreshing native plugins compatible for Editor in 2.03 ms, found 3 plugins.
Preloading 0 native plugins for Editor in 0.00 ms.
Unloading 2794 Unused Serialized files (Serialized files now loaded: 0)
Unloading 22 unused Assets / (97.4 KB). Loaded Objects now: 3344.
Memory consumption went from 125.9 MB to 125.8 MB.
Total: 3.319600 ms (FindLiveObjects: 0.222900 ms CreateObjectMapping: 0.115900 ms MarkObjects: 2.946000 ms  DeleteObjects: 0.033700 ms)

AssetImportParameters requested are different than current active one (requested -> active):
  custom:video-decoder-ogg-theora: a1e56fd34408186e4bbccfd4996cb3dc -> 
  custom:container-muxer-webm: aa71ff27fc2769a1b78a27578f13a17b -> 
  custom:container-demuxer-webm: 4f35f7cbe854078d1ac9338744f61a02 -> 
  custom:video-encoder-webm-vp8: eb34c28f22e8b96e1ab97ce403110664 -> 
  custom:video-codec-MediaFoundation-h265: 746d11721c4dcdbdad8f713fa42b33f4 -> 
  custom:audio-encoder-webm-vorbis: bf7c407c2cedff20999df2af8eb42d56 -> 
  custom:framework-win-MediaFoundation: 216162199b28c13a410421893ffa2e32 -> 
  custom:container-demuxer-ogg: 62fdf1f143b41e24485cea50d1cbac27 -> 
  custom:video-decoder-webm-vp8: 9c59270c3fd7afecdb556c50c9e8de78 -> 
  custom:audio-decoder-ogg-vorbis: bf7c407c2cedff20999df2af8eb42d56 -> 
========================================================================
Received Prepare
Registering precompiled user dll's ...
Registered in 0.009606 seconds.
Begin MonoManager ReloadAssembly
Native extension for WindowsStandalone target not found
Native extension for iOS target not found
Native extension for Android target not found
Native extension for WebGL target not found
Refreshing native plugins compatible for Editor in 0.73 ms, found 3 plugins.
Preloading 0 native plugins for Editor in 0.00 ms.
Mono: successfully reloaded assembly
- Completed reload, in  1.293 seconds
Domain Reload Profiling:
	ReloadAssembly (1294ms)
		BeginReloadAssembly (182ms)
			ExecutionOrderSort (0ms)
			DisableScriptedObjects (9ms)
			BackupInstance (0ms)
			ReleaseScriptingObjects (0ms)
			CreateAndSetChildDomain (40ms)
		EndReloadAssembly (982ms)
			LoadAssemblies (123ms)
			RebuildTransferFunctionScriptingTraits (0ms)
			SetupTypeCache (259ms)
			ReleaseScriptCaches (1ms)
			RebuildScriptCaches (57ms)
			SetupLoadedEditorAssemblies (486ms)
				LogAssemblyErrors (0ms)
				InitializePlatformSupportModulesInManaged (37ms)
				SetLoadedEditorAssemblies (1ms)
				RefreshPlugins (1ms)
				BeforeProcessingInitializeOnLoad (105ms)
				ProcessInitializeOnLoadAttributes (280ms)
				ProcessInitializeOnLoadMethodAttributes (48ms)
				AfterProcessingInitializeOnLoad (13ms)
				EditorAssembliesLoaded (0ms)
			ExecutionOrderSort2 (0ms)
			AwakeInstancesAfterBackupRestoration (10ms)
Platform modules already initialized, skipping
Refreshing native plugins compatible for Editor in 2.14 ms, found 3 plugins.
Preloading 0 native plugins for Editor in 0.00 ms.
Unloading 2794 Unused Serialized files (Serialized files now loaded: 0)
Unloading 22 unused Assets / (97.4 KB). Loaded Objects now: 3359.
Memory consumption went from 125.9 MB to 125.8 MB.
Total: 2.817700 ms (FindLiveObjects: 0.215000 ms CreateObjectMapping: 0.117900 ms MarkObjects: 2.458300 ms  DeleteObjects: 0.025400 ms)

AssetImportParameters requested are different than current active one (requested -> active):
  custom:video-decoder-ogg-theora: a1e56fd34408186e4bbccfd4996cb3dc -> 
  custom:container-muxer-webm: aa71ff27fc2769a1b78a27578f13a17b -> 
  custom:container-demuxer-webm: 4f35f7cbe854078d1ac9338744f61a02 -> 
  custom:video-encoder-webm-vp8: eb34c28f22e8b96e1ab97ce403110664 -> 
  custom:video-codec-MediaFoundation-h265: 746d11721c4dcdbdad8f713fa42b33f4 -> 
  custom:audio-encoder-webm-vorbis: bf7c407c2cedff20999df2af8eb42d56 -> 
  custom:framework-win-MediaFoundation: 216162199b28c13a410421893ffa2e32 -> 
  custom:container-demuxer-ogg: 62fdf1f143b41e24485cea50d1cbac27 -> 
  custom:video-decoder-webm-vp8: 9c59270c3fd7afecdb556c50c9e8de78 -> 
  custom:audio-decoder-ogg-vorbis: bf7c407c2cedff20999df2af8eb42d56 -> 
========================================================================
Received Prepare
Registering precompiled user dll's ...
Registered in 0.013715 seconds.
Begin MonoManager ReloadAssembly
Native extension for WindowsStandalone target not found
Native extension for iOS target not found
Native extension for Android target not found
Native extension for WebGL target not found
Refreshing native plugins compatible for Editor in 0.74 ms, found 3 plugins.
Preloading 0 native plugins for Editor in 0.00 ms.
Mono: successfully reloaded assembly
- Completed reload, in  1.470 seconds
Domain Reload Profiling:
	ReloadAssembly (1471ms)
		BeginReloadAssembly (179ms)
			ExecutionOrderSort (0ms)
			DisableScriptedObjects (7ms)
			BackupInstance (0ms)
			ReleaseScriptingObjects (0ms)
			CreateAndSetChildDomain (41ms)
		EndReloadAssembly (1163ms)
			LoadAssemblies (126ms)
			RebuildTransferFunctionScriptingTraits (0ms)
			SetupTypeCache (301ms)
			ReleaseScriptCaches (1ms)
			RebuildScriptCaches (56ms)
			SetupLoadedEditorAssemblies (544ms)
				LogAssemblyErrors (0ms)
				InitializePlatformSupportModulesInManaged (39ms)
				SetLoadedEditorAssemblies (1ms)
				RefreshPlugins (1ms)
				BeforeProcessingInitializeOnLoad (118ms)
				ProcessInitializeOnLoadAttributes (318ms)
				ProcessInitializeOnLoadMethodAttributes (51ms)
				AfterProcessingInitializeOnLoad (16ms)
				EditorAssembliesLoaded (0ms)
			ExecutionOrderSort2 (0ms)
			AwakeInstancesAfterBackupRestoration (13ms)
Platform modules already initialized, skipping
Refreshing native plugins compatible for Editor in 3.22 ms, found 3 plugins.
Preloading 0 native plugins for Editor in 0.00 ms.
Unloading 2794 Unused Serialized files (Serialized files now loaded: 0)
Unloading 22 unused Assets / (97.4 KB). Loaded Objects now: 3374.
Memory consumption went from 125.9 MB to 125.8 MB.
Total: 3.300400 ms (FindLiveObjects: 0.241800 ms CreateObjectMapping: 0.131900 ms MarkObjects: 2.889600 ms  DeleteObjects: 0.035700 ms)

AssetImportParameters requested are different than current active one (requested -> active):
  custom:video-decoder-ogg-theora: a1e56fd34408186e4bbccfd4996cb3dc -> 
  custom:container-muxer-webm: aa71ff27fc2769a1b78a27578f13a17b -> 
  custom:container-demuxer-webm: 4f35f7cbe854078d1ac9338744f61a02 -> 
  custom:video-encoder-webm-vp8: eb34c28f22e8b96e1ab97ce403110664 -> 
  custom:video-codec-MediaFoundation-h265: 746d11721c4dcdbdad8f713fa42b33f4 -> 
  custom:audio-encoder-webm-vorbis: bf7c407c2cedff20999df2af8eb42d56 -> 
  custom:framework-win-MediaFoundation: 216162199b28c13a410421893ffa2e32 -> 
  custom:container-demuxer-ogg: 62fdf1f143b41e24485cea50d1cbac27 -> 
  custom:video-decoder-webm-vp8: 9c59270c3fd7afecdb556c50c9e8de78 -> 
  custom:audio-decoder-ogg-vorbis: bf7c407c2cedff20999df2af8eb42d56 -> 
========================================================================
Received Prepare
Registering precompiled user dll's ...
Registered in 0.009482 seconds.
Begin MonoManager ReloadAssembly
Native extension for WindowsStandalone target not found
Native extension for iOS target not found
Native extension for Android target not found
Native extension for WebGL target not found
Refreshing native plugins compatible for Editor in 0.73 ms, found 3 plugins.
Preloading 0 native plugins for Editor in 0.00 ms.
Mono: successfully reloaded assembly
- Completed reload, in  1.581 seconds
Domain Reload Profiling:
	ReloadAssembly (1582ms)
		BeginReloadAssembly (179ms)
			ExecutionOrderSort (0ms)
			DisableScriptedObjects (10ms)
			BackupInstance (0ms)
			ReleaseScriptingObjects (0ms)
			CreateAndSetChildDomain (37ms)
		EndReloadAssembly (1180ms)
			LoadAssemblies (118ms)
			RebuildTransferFunctionScriptingTraits (0ms)
			SetupTypeCache (228ms)
			ReleaseScriptCaches (1ms)
			RebuildScriptCaches (72ms)
			SetupLoadedEditorAssemblies (671ms)
				LogAssemblyErrors (0ms)
				InitializePlatformSupportModulesInManaged (41ms)
				SetLoadedEditorAssemblies (1ms)
				RefreshPlugins (1ms)
				BeforeProcessingInitializeOnLoad (132ms)
				ProcessInitializeOnLoadAttributes (402ms)
				ProcessInitializeOnLoadMethodAttributes (72ms)
				AfterProcessingInitializeOnLoad (23ms)
				EditorAssembliesLoaded (0ms)
			ExecutionOrderSort2 (0ms)
			AwakeInstancesAfterBackupRestoration (17ms)
Platform modules already initialized, skipping
Refreshing native plugins compatible for Editor in 2.64 ms, found 3 plugins.
Preloading 0 native plugins for Editor in 0.00 ms.
Unloading 2794 Unused Serialized files (Serialized files now loaded: 0)
Unloading 22 unused Assets / (97.4 KB). Loaded Objects now: 3389.
Memory consumption went from 125.9 MB to 125.8 MB.
Total: 3.685000 ms (FindLiveObjects: 0.241600 ms CreateObjectMapping: 0.152400 ms MarkObjects: 3.238600 ms  DeleteObjects: 0.050900 ms)

AssetImportParameters requested are different than current active one (requested -> active):
  custom:video-decoder-ogg-theora: a1e56fd34408186e4bbccfd4996cb3dc -> 
  custom:container-muxer-webm: aa71ff27fc2769a1b78a27578f13a17b -> 
  custom:container-demuxer-webm: 4f35f7cbe854078d1ac9338744f61a02 -> 
  custom:video-encoder-webm-vp8: eb34c28f22e8b96e1ab97ce403110664 -> 
  custom:video-codec-MediaFoundation-h265: 746d11721c4dcdbdad8f713fa42b33f4 -> 
  custom:audio-encoder-webm-vorbis: bf7c407c2cedff20999df2af8eb42d56 -> 
  custom:framework-win-MediaFoundation: 216162199b28c13a410421893ffa2e32 -> 
  custom:container-demuxer-ogg: 62fdf1f143b41e24485cea50d1cbac27 -> 
  custom:video-decoder-webm-vp8: 9c59270c3fd7afecdb556c50c9e8de78 -> 
  custom:audio-decoder-ogg-vorbis: bf7c407c2cedff20999df2af8eb42d56 -> 
========================================================================
Received Prepare
Registering precompiled user dll's ...
Registered in 0.008881 seconds.
Begin MonoManager ReloadAssembly
Native extension for WindowsStandalone target not found
Native extension for iOS target not found
Native extension for Android target not found
Native extension for WebGL target not found
Refreshing native plugins compatible for Editor in 0.75 ms, found 3 plugins.
Preloading 0 native plugins for Editor in 0.00 ms.
Mono: successfully reloaded assembly
- Completed reload, in  1.348 seconds
Domain Reload Profiling:
	ReloadAssembly (1348ms)
		BeginReloadAssembly (181ms)
			ExecutionOrderSort (0ms)
			DisableScriptedObjects (8ms)
			BackupInstance (0ms)
			ReleaseScriptingObjects (0ms)
			CreateAndSetChildDomain (44ms)
		EndReloadAssembly (1032ms)
			LoadAssemblies (124ms)
			RebuildTransferFunctionScriptingTraits (0ms)
			SetupTypeCache (254ms)
			ReleaseScriptCaches (1ms)
			RebuildScriptCaches (54ms)
			SetupLoadedEditorAssemblies (537ms)
				LogAssemblyErrors (0ms)
				InitializePlatformSupportModulesInManaged (37ms)
				SetLoadedEditorAssemblies (1ms)
				RefreshPlugins (1ms)
				BeforeProcessingInitializeOnLoad (110ms)
				ProcessInitializeOnLoadAttributes (311ms)
				ProcessInitializeOnLoadMethodAttributes (60ms)
				AfterProcessingInitializeOnLoad (18ms)
				EditorAssembliesLoaded (0ms)
			ExecutionOrderSort2 (0ms)
			AwakeInstancesAfterBackupRestoration (12ms)
Platform modules already initialized, skipping
Refreshing native plugins compatible for Editor in 3.96 ms, found 3 plugins.
Preloading 0 native plugins for Editor in 0.00 ms.
Unloading 2794 Unused Serialized files (Serialized files now loaded: 0)
Unloading 22 unused Assets / (97.3 KB). Loaded Objects now: 3404.
Memory consumption went from 125.9 MB to 125.9 MB.
Total: 3.131300 ms (FindLiveObjects: 0.255000 ms CreateObjectMapping: 0.154900 ms MarkObjects: 2.688200 ms  DeleteObjects: 0.031800 ms)

AssetImportParameters requested are different than current active one (requested -> active):
  custom:video-decoder-ogg-theora: a1e56fd34408186e4bbccfd4996cb3dc -> 
  custom:container-muxer-webm: aa71ff27fc2769a1b78a27578f13a17b -> 
  custom:container-demuxer-webm: 4f35f7cbe854078d1ac9338744f61a02 -> 
  custom:video-encoder-webm-vp8: eb34c28f22e8b96e1ab97ce403110664 -> 
  custom:video-codec-MediaFoundation-h265: 746d11721c4dcdbdad8f713fa42b33f4 -> 
  custom:audio-encoder-webm-vorbis: bf7c407c2cedff20999df2af8eb42d56 -> 
  custom:framework-win-MediaFoundation: 216162199b28c13a410421893ffa2e32 -> 
  custom:container-demuxer-ogg: 62fdf1f143b41e24485cea50d1cbac27 -> 
  custom:video-decoder-webm-vp8: 9c59270c3fd7afecdb556c50c9e8de78 -> 
  custom:audio-decoder-ogg-vorbis: bf7c407c2cedff20999df2af8eb42d56 -> 
========================================================================
Received Prepare
Registering precompiled user dll's ...
Registered in 0.010406 seconds.
Begin MonoManager ReloadAssembly
Native extension for WindowsStandalone target not found
Native extension for iOS target not found
Native extension for Android target not found
Native extension for WebGL target not found
Refreshing native plugins compatible for Editor in 0.70 ms, found 3 plugins.
Preloading 0 native plugins for Editor in 0.00 ms.
Mono: successfully reloaded assembly
- Completed reload, in  1.353 seconds
Domain Reload Profiling:
	ReloadAssembly (1354ms)
		BeginReloadAssembly (202ms)
			ExecutionOrderSort (0ms)
			DisableScriptedObjects (9ms)
			BackupInstance (0ms)
			ReleaseScriptingObjects (0ms)
			CreateAndSetChildDomain (38ms)
		EndReloadAssembly (998ms)
			LoadAssemblies (151ms)
			RebuildTransferFunctionScriptingTraits (0ms)
			SetupTypeCache (249ms)
			ReleaseScriptCaches (1ms)
			RebuildScriptCaches (54ms)
			SetupLoadedEditorAssemblies (516ms)
				LogAssemblyErrors (0ms)
				InitializePlatformSupportModulesInManaged (38ms)
				SetLoadedEditorAssemblies (1ms)
				RefreshPlugins (1ms)
				BeforeProcessingInitializeOnLoad (112ms)
				ProcessInitializeOnLoadAttributes (304ms)
				ProcessInitializeOnLoadMethodAttributes (45ms)
				AfterProcessingInitializeOnLoad (15ms)
				EditorAssembliesLoaded (0ms)
			ExecutionOrderSort2 (0ms)
			AwakeInstancesAfterBackupRestoration (13ms)
Platform modules already initialized, skipping
Refreshing native plugins compatible for Editor in 2.40 ms, found 3 plugins.
Preloading 0 native plugins for Editor in 0.00 ms.
Unloading 2794 Unused Serialized files (Serialized files now loaded: 0)
Unloading 22 unused Assets / (97.4 KB). Loaded Objects now: 3419.
Memory consumption went from 126.0 MB to 125.9 MB.
Total: 3.056900 ms (FindLiveObjects: 0.233500 ms CreateObjectMapping: 0.117700 ms MarkObjects: 2.670300 ms  DeleteObjects: 0.034600 ms)

AssetImportParameters requested are different than current active one (requested -> active):
  custom:video-decoder-ogg-theora: a1e56fd34408186e4bbccfd4996cb3dc -> 
  custom:container-muxer-webm: aa71ff27fc2769a1b78a27578f13a17b -> 
  custom:container-demuxer-webm: 4f35f7cbe854078d1ac9338744f61a02 -> 
  custom:video-encoder-webm-vp8: eb34c28f22e8b96e1ab97ce403110664 -> 
  custom:video-codec-MediaFoundation-h265: 746d11721c4dcdbdad8f713fa42b33f4 -> 
  custom:audio-encoder-webm-vorbis: bf7c407c2cedff20999df2af8eb42d56 -> 
  custom:framework-win-MediaFoundation: 216162199b28c13a410421893ffa2e32 -> 
  custom:container-demuxer-ogg: 62fdf1f143b41e24485cea50d1cbac27 -> 
  custom:video-decoder-webm-vp8: 9c59270c3fd7afecdb556c50c9e8de78 -> 
  custom:audio-decoder-ogg-vorbis: bf7c407c2cedff20999df2af8eb42d56 -> 
========================================================================
Received Prepare
Registering precompiled user dll's ...
Registered in 0.008569 seconds.
Begin MonoManager ReloadAssembly
Native extension for WindowsStandalone target not found
Native extension for iOS target not found
Native extension for Android target not found
Native extension for WebGL target not found
Refreshing native plugins compatible for Editor in 0.81 ms, found 3 plugins.
Preloading 0 native plugins for Editor in 0.00 ms.
Mono: successfully reloaded assembly
- Completed reload, in  1.303 seconds
Domain Reload Profiling:
	ReloadAssembly (1304ms)
		BeginReloadAssembly (168ms)
			ExecutionOrderSort (0ms)
			DisableScriptedObjects (7ms)
			BackupInstance (0ms)
			ReleaseScriptingObjects (0ms)
			CreateAndSetChildDomain (35ms)
		EndReloadAssembly (1005ms)
			LoadAssemblies (129ms)
			RebuildTransferFunctionScriptingTraits (0ms)
			SetupTypeCache (240ms)
			ReleaseScriptCaches (1ms)
			RebuildScriptCaches (57ms)
			SetupLoadedEditorAssemblies (523ms)
				LogAssemblyErrors (0ms)
				InitializePlatformSupportModulesInManaged (39ms)
				SetLoadedEditorAssemblies (1ms)
				RefreshPlugins (1ms)
				BeforeProcessingInitializeOnLoad (112ms)
				ProcessInitializeOnLoadAttributes (301ms)
				ProcessInitializeOnLoadMethodAttributes (53ms)
				AfterProcessingInitializeOnLoad (16ms)
				EditorAssembliesLoaded (0ms)
			ExecutionOrderSort2 (0ms)
			AwakeInstancesAfterBackupRestoration (13ms)
Platform modules already initialized, skipping
Refreshing native plugins compatible for Editor in 2.40 ms, found 3 plugins.
Preloading 0 native plugins for Editor in 0.00 ms.
Unloading 2794 Unused Serialized files (Serialized files now loaded: 0)
Unloading 22 unused Assets / (97.4 KB). Loaded Objects now: 3434.
Memory consumption went from 126.1 MB to 126.0 MB.
Total: 3.552500 ms (FindLiveObjects: 0.243200 ms CreateObjectMapping: 0.124300 ms MarkObjects: 3.139700 ms  DeleteObjects: 0.043800 ms)

AssetImportParameters requested are different than current active one (requested -> active):
  custom:video-decoder-ogg-theora: a1e56fd34408186e4bbccfd4996cb3dc -> 
  custom:container-muxer-webm: aa71ff27fc2769a1b78a27578f13a17b -> 
  custom:container-demuxer-webm: 4f35f7cbe854078d1ac9338744f61a02 -> 
  custom:video-encoder-webm-vp8: eb34c28f22e8b96e1ab97ce403110664 -> 
  custom:video-codec-MediaFoundation-h265: 746d11721c4dcdbdad8f713fa42b33f4 -> 
  custom:audio-encoder-webm-vorbis: bf7c407c2cedff20999df2af8eb42d56 -> 
  custom:framework-win-MediaFoundation: 216162199b28c13a410421893ffa2e32 -> 
  custom:container-demuxer-ogg: 62fdf1f143b41e24485cea50d1cbac27 -> 
  custom:video-decoder-webm-vp8: 9c59270c3fd7afecdb556c50c9e8de78 -> 
  custom:audio-decoder-ogg-vorbis: bf7c407c2cedff20999df2af8eb42d56 -> 
========================================================================
Received Prepare
Registering precompiled user dll's ...
Registered in 0.008728 seconds.
Begin MonoManager ReloadAssembly
Native extension for WindowsStandalone target not found
Native extension for iOS target not found
Native extension for Android target not found
Native extension for WebGL target not found
Refreshing native plugins compatible for Editor in 1.07 ms, found 3 plugins.
Preloading 0 native plugins for Editor in 0.00 ms.
Mono: successfully reloaded assembly
- Completed reload, in  1.684 seconds
Domain Reload Profiling:
	ReloadAssembly (1685ms)
		BeginReloadAssembly (318ms)
			ExecutionOrderSort (0ms)
			DisableScriptedObjects (19ms)
			BackupInstance (0ms)
			ReleaseScriptingObjects (0ms)
			CreateAndSetChildDomain (120ms)
		EndReloadAssembly (1198ms)
			LoadAssemblies (163ms)
			RebuildTransferFunctionScriptingTraits (0ms)
			SetupTypeCache (314ms)
			ReleaseScriptCaches (1ms)
			RebuildScriptCaches (68ms)
			SetupLoadedEditorAssemblies (616ms)
				LogAssemblyErrors (0ms)
				InitializePlatformSupportModulesInManaged (55ms)
				SetLoadedEditorAssemblies (1ms)
				RefreshPlugins (1ms)
				BeforeProcessingInitializeOnLoad (134ms)
				ProcessInitializeOnLoadAttributes (354ms)
				ProcessInitializeOnLoadMethodAttributes (55ms)
				AfterProcessingInitializeOnLoad (15ms)
				EditorAssembliesLoaded (0ms)
			ExecutionOrderSort2 (0ms)
			AwakeInstancesAfterBackupRestoration (11ms)
Platform modules already initialized, skipping
Refreshing native plugins compatible for Editor in 3.14 ms, found 3 plugins.
Preloading 0 native plugins for Editor in 0.00 ms.
Unloading 2794 Unused Serialized files (Serialized files now loaded: 0)
Unloading 22 unused Assets / (97.4 KB). Loaded Objects now: 3449.
Memory consumption went from 126.1 MB to 126.0 MB.
Total: 4.493400 ms (FindLiveObjects: 0.294900 ms CreateObjectMapping: 0.246400 ms MarkObjects: 3.795500 ms  DeleteObjects: 0.155300 ms)

AssetImportParameters requested are different than current active one (requested -> active):
  custom:video-decoder-ogg-theora: a1e56fd34408186e4bbccfd4996cb3dc -> 
  custom:container-muxer-webm: aa71ff27fc2769a1b78a27578f13a17b -> 
  custom:container-demuxer-webm: 4f35f7cbe854078d1ac9338744f61a02 -> 
  custom:video-encoder-webm-vp8: eb34c28f22e8b96e1ab97ce403110664 -> 
  custom:video-codec-MediaFoundation-h265: 746d11721c4dcdbdad8f713fa42b33f4 -> 
  custom:audio-encoder-webm-vorbis: bf7c407c2cedff20999df2af8eb42d56 -> 
  custom:framework-win-MediaFoundation: 216162199b28c13a410421893ffa2e32 -> 
  custom:container-demuxer-ogg: 62fdf1f143b41e24485cea50d1cbac27 -> 
  custom:video-decoder-webm-vp8: 9c59270c3fd7afecdb556c50c9e8de78 -> 
  custom:audio-decoder-ogg-vorbis: bf7c407c2cedff20999df2af8eb42d56 -> 
========================================================================
Received Prepare
Registering precompiled user dll's ...
Registered in 0.008332 seconds.
Begin MonoManager ReloadAssembly
Native extension for WindowsStandalone target not found
Native extension for iOS target not found
Native extension for Android target not found
Native extension for WebGL target not found
Refreshing native plugins compatible for Editor in 0.71 ms, found 3 plugins.
Preloading 0 native plugins for Editor in 0.00 ms.
Mono: successfully reloaded assembly
- Completed reload, in  1.564 seconds
Domain Reload Profiling:
	ReloadAssembly (1566ms)
		BeginReloadAssembly (342ms)
			ExecutionOrderSort (0ms)
			DisableScriptedObjects (30ms)
			BackupInstance (0ms)
			ReleaseScriptingObjects (0ms)
			CreateAndSetChildDomain (138ms)
		EndReloadAssembly (1072ms)
			LoadAssemblies (153ms)
			RebuildTransferFunctionScriptingTraits (0ms)
			SetupTypeCache (286ms)
			ReleaseScriptCaches (1ms)
			RebuildScriptCaches (64ms)
			SetupLoadedEditorAssemblies (528ms)
				LogAssemblyErrors (0ms)
				InitializePlatformSupportModulesInManaged (44ms)
				SetLoadedEditorAssemblies (1ms)
				RefreshPlugins (1ms)
				BeforeProcessingInitializeOnLoad (110ms)
				ProcessInitializeOnLoadAttributes (301ms)
				ProcessInitializeOnLoadMethodAttributes (56ms)
				AfterProcessingInitializeOnLoad (15ms)
				EditorAssembliesLoaded (0ms)
			ExecutionOrderSort2 (0ms)
			AwakeInstancesAfterBackupRestoration (11ms)
Platform modules already initialized, skipping
Refreshing native plugins compatible for Editor in 2.62 ms, found 3 plugins.
Preloading 0 native plugins for Editor in 0.00 ms.
Unloading 2794 Unused Serialized files (Serialized files now loaded: 0)
Unloading 22 unused Assets / (97.4 KB). Loaded Objects now: 3464.
Memory consumption went from 126.1 MB to 126.0 MB.
Total: 3.574600 ms (FindLiveObjects: 0.259500 ms CreateObjectMapping: 0.134800 ms MarkObjects: 3.037400 ms  DeleteObjects: 0.141600 ms)

AssetImportParameters requested are different than current active one (requested -> active):
  custom:video-decoder-ogg-theora: a1e56fd34408186e4bbccfd4996cb3dc -> 
  custom:container-muxer-webm: aa71ff27fc2769a1b78a27578f13a17b -> 
  custom:container-demuxer-webm: 4f35f7cbe854078d1ac9338744f61a02 -> 
  custom:video-encoder-webm-vp8: eb34c28f22e8b96e1ab97ce403110664 -> 
  custom:video-codec-MediaFoundation-h265: 746d11721c4dcdbdad8f713fa42b33f4 -> 
  custom:audio-encoder-webm-vorbis: bf7c407c2cedff20999df2af8eb42d56 -> 
  custom:framework-win-MediaFoundation: 216162199b28c13a410421893ffa2e32 -> 
  custom:container-demuxer-ogg: 62fdf1f143b41e24485cea50d1cbac27 -> 
  custom:video-decoder-webm-vp8: 9c59270c3fd7afecdb556c50c9e8de78 -> 
  custom:audio-decoder-ogg-vorbis: bf7c407c2cedff20999df2af8eb42d56 -> 
========================================================================
Received Prepare
Registering precompiled user dll's ...
Registered in 0.011926 seconds.
Begin MonoManager ReloadAssembly
Native extension for WindowsStandalone target not found
Native extension for iOS target not found
Native extension for Android target not found
Native extension for WebGL target not found
Refreshing native plugins compatible for Editor in 0.73 ms, found 3 plugins.
Preloading 0 native plugins for Editor in 0.00 ms.
Mono: successfully reloaded assembly
- Completed reload, in  1.338 seconds
Domain Reload Profiling:
	ReloadAssembly (1338ms)
		BeginReloadAssembly (192ms)
			ExecutionOrderSort (0ms)
			DisableScriptedObjects (7ms)
			BackupInstance (0ms)
			ReleaseScriptingObjects (0ms)
			CreateAndSetChildDomain (36ms)
		EndReloadAssembly (987ms)
			LoadAssemblies (144ms)
			RebuildTransferFunctionScriptingTraits (0ms)
			SetupTypeCache (256ms)
			ReleaseScriptCaches (1ms)
			RebuildScriptCaches (53ms)
			SetupLoadedEditorAssemblies (504ms)
				LogAssemblyErrors (0ms)
				InitializePlatformSupportModulesInManaged (37ms)
				SetLoadedEditorAssemblies (1ms)
				RefreshPlugins (1ms)
				BeforeProcessingInitializeOnLoad (109ms)
				ProcessInitializeOnLoadAttributes (294ms)
				ProcessInitializeOnLoadMethodAttributes (46ms)
				AfterProcessingInitializeOnLoad (16ms)
				EditorAssembliesLoaded (0ms)
			ExecutionOrderSort2 (0ms)
			AwakeInstancesAfterBackupRestoration (10ms)
Platform modules already initialized, skipping
Refreshing native plugins compatible for Editor in 2.95 ms, found 3 plugins.
Preloading 0 native plugins for Editor in 0.00 ms.
Unloading 2794 Unused Serialized files (Serialized files now loaded: 0)
Unloading 22 unused Assets / (97.3 KB). Loaded Objects now: 3479.
Memory consumption went from 126.1 MB to 126.0 MB.
Total: 3.150400 ms (FindLiveObjects: 0.234100 ms CreateObjectMapping: 0.140400 ms MarkObjects: 2.737500 ms  DeleteObjects: 0.037500 ms)

AssetImportParameters requested are different than current active one (requested -> active):
  custom:video-decoder-ogg-theora: a1e56fd34408186e4bbccfd4996cb3dc -> 
  custom:container-muxer-webm: aa71ff27fc2769a1b78a27578f13a17b -> 
  custom:container-demuxer-webm: 4f35f7cbe854078d1ac9338744f61a02 -> 
  custom:video-encoder-webm-vp8: eb34c28f22e8b96e1ab97ce403110664 -> 
  custom:video-codec-MediaFoundation-h265: 746d11721c4dcdbdad8f713fa42b33f4 -> 
  custom:audio-encoder-webm-vorbis: bf7c407c2cedff20999df2af8eb42d56 -> 
  custom:framework-win-MediaFoundation: 216162199b28c13a410421893ffa2e32 -> 
  custom:container-demuxer-ogg: 62fdf1f143b41e24485cea50d1cbac27 -> 
  custom:video-decoder-webm-vp8: 9c59270c3fd7afecdb556c50c9e8de78 -> 
  custom:audio-decoder-ogg-vorbis: bf7c407c2cedff20999df2af8eb42d56 -> 
